;  LST file generated by mikroListExporter - v.2.0 
; Date/Time: 12/25/2022 12:30:15 PM
;----------------------------------------------

;Address Opcode 	ASM
0x0000	0x2C06      	GOTO       1030
_Delay_1us:
;__Lib_Delays.c,7 :: 		void Delay_1us() {
;__Lib_Delays.c,8 :: 		Delay_us(1);
0x0003	0x0000      	NOP
0x0004	0x0000      	NOP
;__Lib_Delays.c,9 :: 		}
L_end_Delay_1us:
0x0005	0x0008      	RETURN
; end of _Delay_1us
_Delay_50us:
;__Lib_Delays.c,19 :: 		void Delay_50us() {
;__Lib_Delays.c,20 :: 		Delay_us(50);
0x0006	0x3021      	MOVLW      33
0x0007	0x1283      	BCF        STATUS, 5
0x0008	0x1303      	BCF        STATUS, 6
0x0009	0x00FD      	MOVWF      R13
L_Delay_50us2:
0x000A	0x0BFD      	DECFSZ     R13, 1
0x000B	0x280A      	GOTO       L_Delay_50us2
;__Lib_Delays.c,21 :: 		}
L_end_Delay_50us:
0x000C	0x0008      	RETURN
; end of _Delay_50us
_Delay_5500us:
;__Lib_Delays.c,31 :: 		void Delay_5500us() {
;__Lib_Delays.c,32 :: 		Delay_us(5500);
0x000D	0x300F      	MOVLW      15
0x000E	0x1283      	BCF        STATUS, 5
0x000F	0x1303      	BCF        STATUS, 6
0x0010	0x00FC      	MOVWF      R12
0x0011	0x3047      	MOVLW      71
0x0012	0x00FD      	MOVWF      R13
L_Delay_5500us5:
0x0013	0x0BFD      	DECFSZ     R13, 1
0x0014	0x2813      	GOTO       L_Delay_5500us5
0x0015	0x0BFC      	DECFSZ     R12, 1
0x0016	0x2813      	GOTO       L_Delay_5500us5
0x0017	0x0000      	NOP
0x0018	0x0000      	NOP
;__Lib_Delays.c,33 :: 		}
L_end_Delay_5500us:
0x0019	0x0008      	RETURN
; end of _Delay_5500us
_Lcd_Cmd:
;__Lib_Lcd.c,18 :: 		
;__Lib_Lcd.c,20 :: 		
0x001A	0x1683      	BSF        STATUS, 5
0x001B	0x1303      	BCF        STATUS, 6
0x001C	0x1BB7      	BTFSC      FARG_Lcd_Cmd_out_char, 7
0x001D	0x2821      	GOTO       L__Lcd_Cmd21
0x001E	0x1283      	BCF        STATUS, 5
0x001F	0x1186      	BCF        LCD_D7, BitPos(LCD_D7+0)
0x0020	0x2823      	GOTO       L__Lcd_Cmd22
L__Lcd_Cmd21:
0x0021	0x1283      	BCF        STATUS, 5
0x0022	0x1586      	BSF        LCD_D7, BitPos(LCD_D7+0)
L__Lcd_Cmd22:
;__Lib_Lcd.c,21 :: 		
0x0023	0x1683      	BSF        STATUS, 5
0x0024	0x1B37      	BTFSC      FARG_Lcd_Cmd_out_char, 6
0x0025	0x2829      	GOTO       L__Lcd_Cmd23
0x0026	0x1283      	BCF        STATUS, 5
0x0027	0x1106      	BCF        LCD_D6, BitPos(LCD_D6+0)
0x0028	0x282B      	GOTO       L__Lcd_Cmd24
L__Lcd_Cmd23:
0x0029	0x1283      	BCF        STATUS, 5
0x002A	0x1506      	BSF        LCD_D6, BitPos(LCD_D6+0)
L__Lcd_Cmd24:
;__Lib_Lcd.c,22 :: 		
0x002B	0x1683      	BSF        STATUS, 5
0x002C	0x1AB7      	BTFSC      FARG_Lcd_Cmd_out_char, 5
0x002D	0x2831      	GOTO       L__Lcd_Cmd25
0x002E	0x1283      	BCF        STATUS, 5
0x002F	0x1086      	BCF        LCD_D5, BitPos(LCD_D5+0)
0x0030	0x2833      	GOTO       L__Lcd_Cmd26
L__Lcd_Cmd25:
0x0031	0x1283      	BCF        STATUS, 5
0x0032	0x1486      	BSF        LCD_D5, BitPos(LCD_D5+0)
L__Lcd_Cmd26:
;__Lib_Lcd.c,23 :: 		
0x0033	0x1683      	BSF        STATUS, 5
0x0034	0x1A37      	BTFSC      FARG_Lcd_Cmd_out_char, 4
0x0035	0x2839      	GOTO       L__Lcd_Cmd27
0x0036	0x1283      	BCF        STATUS, 5
0x0037	0x1006      	BCF        LCD_D4, BitPos(LCD_D4+0)
0x0038	0x283B      	GOTO       L__Lcd_Cmd28
L__Lcd_Cmd27:
0x0039	0x1283      	BCF        STATUS, 5
0x003A	0x1406      	BSF        LCD_D4, BitPos(LCD_D4+0)
L__Lcd_Cmd28:
;__Lib_Lcd.c,25 :: 		
0x003B	0x1867      	BTFSC      __Lib_Lcd_cmd_status, BitPos(__Lib_Lcd_cmd_status+0)
0x003C	0x283F      	GOTO       L__Lcd_Cmd29
0x003D	0x1606      	BSF        LCD_RS, BitPos(LCD_RS+0)
0x003E	0x2840      	GOTO       L__Lcd_Cmd30
L__Lcd_Cmd29:
0x003F	0x1206      	BCF        LCD_RS, BitPos(LCD_RS+0)
L__Lcd_Cmd30:
;__Lib_Lcd.c,28 :: 		
0x0040	0x1686      	BSF        LCD_EN, BitPos(LCD_EN+0)
;__Lib_Lcd.c,29 :: 		
0x0041	0x2003      	CALL       _Delay_1us
;__Lib_Lcd.c,30 :: 		
0x0042	0x1286      	BCF        LCD_EN, BitPos(LCD_EN+0)
;__Lib_Lcd.c,33 :: 		
0x0043	0x1683      	BSF        STATUS, 5
0x0044	0x19B7      	BTFSC      FARG_Lcd_Cmd_out_char, 3
0x0045	0x2849      	GOTO       L__Lcd_Cmd31
0x0046	0x1283      	BCF        STATUS, 5
0x0047	0x1186      	BCF        LCD_D7, BitPos(LCD_D7+0)
0x0048	0x284B      	GOTO       L__Lcd_Cmd32
L__Lcd_Cmd31:
0x0049	0x1283      	BCF        STATUS, 5
0x004A	0x1586      	BSF        LCD_D7, BitPos(LCD_D7+0)
L__Lcd_Cmd32:
;__Lib_Lcd.c,34 :: 		
0x004B	0x1683      	BSF        STATUS, 5
0x004C	0x1937      	BTFSC      FARG_Lcd_Cmd_out_char, 2
0x004D	0x2851      	GOTO       L__Lcd_Cmd33
0x004E	0x1283      	BCF        STATUS, 5
0x004F	0x1106      	BCF        LCD_D6, BitPos(LCD_D6+0)
0x0050	0x2853      	GOTO       L__Lcd_Cmd34
L__Lcd_Cmd33:
0x0051	0x1283      	BCF        STATUS, 5
0x0052	0x1506      	BSF        LCD_D6, BitPos(LCD_D6+0)
L__Lcd_Cmd34:
;__Lib_Lcd.c,35 :: 		
0x0053	0x1683      	BSF        STATUS, 5
0x0054	0x18B7      	BTFSC      FARG_Lcd_Cmd_out_char, 1
0x0055	0x2859      	GOTO       L__Lcd_Cmd35
0x0056	0x1283      	BCF        STATUS, 5
0x0057	0x1086      	BCF        LCD_D5, BitPos(LCD_D5+0)
0x0058	0x285B      	GOTO       L__Lcd_Cmd36
L__Lcd_Cmd35:
0x0059	0x1283      	BCF        STATUS, 5
0x005A	0x1486      	BSF        LCD_D5, BitPos(LCD_D5+0)
L__Lcd_Cmd36:
;__Lib_Lcd.c,36 :: 		
0x005B	0x1683      	BSF        STATUS, 5
0x005C	0x1837      	BTFSC      FARG_Lcd_Cmd_out_char, 0
0x005D	0x2861      	GOTO       L__Lcd_Cmd37
0x005E	0x1283      	BCF        STATUS, 5
0x005F	0x1006      	BCF        LCD_D4, BitPos(LCD_D4+0)
0x0060	0x2863      	GOTO       L__Lcd_Cmd38
L__Lcd_Cmd37:
0x0061	0x1283      	BCF        STATUS, 5
0x0062	0x1406      	BSF        LCD_D4, BitPos(LCD_D4+0)
L__Lcd_Cmd38:
;__Lib_Lcd.c,38 :: 		
0x0063	0x1867      	BTFSC      __Lib_Lcd_cmd_status, BitPos(__Lib_Lcd_cmd_status+0)
0x0064	0x2867      	GOTO       L__Lcd_Cmd39
0x0065	0x1606      	BSF        LCD_RS, BitPos(LCD_RS+0)
0x0066	0x2868      	GOTO       L__Lcd_Cmd40
L__Lcd_Cmd39:
0x0067	0x1206      	BCF        LCD_RS, BitPos(LCD_RS+0)
L__Lcd_Cmd40:
;__Lib_Lcd.c,40 :: 		
0x0068	0x1686      	BSF        LCD_EN, BitPos(LCD_EN+0)
;__Lib_Lcd.c,41 :: 		
0x0069	0x2003      	CALL       _Delay_1us
;__Lib_Lcd.c,42 :: 		
0x006A	0x1286      	BCF        LCD_EN, BitPos(LCD_EN+0)
;__Lib_Lcd.c,44 :: 		
0x006B	0x1C67      	BTFSS      __Lib_Lcd_cmd_status, BitPos(__Lib_Lcd_cmd_status+0)
0x006C	0x286F      	GOTO       L_Lcd_Cmd0
;__Lib_Lcd.c,45 :: 		
0x006D	0x200D      	CALL       _Delay_5500us
0x006E	0x2870      	GOTO       L_Lcd_Cmd1
L_Lcd_Cmd0:
;__Lib_Lcd.c,47 :: 		
0x006F	0x2006      	CALL       _Delay_50us
L_Lcd_Cmd1:
;__Lib_Lcd.c,48 :: 		
L_end_Lcd_Cmd:
0x0070	0x0008      	RETURN
; end of _Lcd_Cmd
_Lcd_Chr_CP:
;__Lib_Lcd.c,50 :: 		
;__Lib_Lcd.c,52 :: 		
0x0071	0x1283      	BCF        STATUS, 5
0x0072	0x1303      	BCF        STATUS, 6
0x0073	0x1067      	BCF        __Lib_Lcd_cmd_status, BitPos(__Lib_Lcd_cmd_status+0)
;__Lib_Lcd.c,53 :: 		
0x0074	0x1683      	BSF        STATUS, 5
0x0075	0x0836      	MOVF       FARG_Lcd_Chr_CP_out_char, 0
0x0076	0x00B7      	MOVWF      FARG_Lcd_Cmd_out_char
0x0077	0x201A      	CALL       _Lcd_Cmd
;__Lib_Lcd.c,54 :: 		
0x0078	0x1467      	BSF        __Lib_Lcd_cmd_status, BitPos(__Lib_Lcd_cmd_status+0)
;__Lib_Lcd.c,55 :: 		
L_end_Lcd_Chr_CP:
0x0079	0x0008      	RETURN
; end of _Lcd_Chr_CP
_Lcd_Chr:
;__Lib_Lcd.c,65 :: 		
;__Lib_Lcd.c,66 :: 		
0x007A	0x288C      	GOTO       L_Lcd_Chr4
;__Lib_Lcd.c,67 :: 		
L_Lcd_Chr6:
0x007B	0x3080      	MOVLW      128
0x007C	0x1683      	BSF        STATUS, 5
0x007D	0x1303      	BCF        STATUS, 6
0x007E	0x00B1      	MOVWF      FARG_Lcd_Chr_row
0x007F	0x289F      	GOTO       L_Lcd_Chr5
;__Lib_Lcd.c,68 :: 		
L_Lcd_Chr7:
0x0080	0x30C0      	MOVLW      192
0x0081	0x00B1      	MOVWF      FARG_Lcd_Chr_row
0x0082	0x289F      	GOTO       L_Lcd_Chr5
;__Lib_Lcd.c,69 :: 		
L_Lcd_Chr8:
0x0083	0x3094      	MOVLW      148
0x0084	0x00B1      	MOVWF      FARG_Lcd_Chr_row
0x0085	0x289F      	GOTO       L_Lcd_Chr5
;__Lib_Lcd.c,70 :: 		
L_Lcd_Chr9:
0x0086	0x30D4      	MOVLW      212
0x0087	0x00B1      	MOVWF      FARG_Lcd_Chr_row
0x0088	0x289F      	GOTO       L_Lcd_Chr5
;__Lib_Lcd.c,71 :: 		
L_Lcd_Chr10:
0x0089	0x3080      	MOVLW      128
0x008A	0x00B1      	MOVWF      FARG_Lcd_Chr_row
;__Lib_Lcd.c,72 :: 		
0x008B	0x289F      	GOTO       L_Lcd_Chr5
L_Lcd_Chr4:
0x008C	0x1683      	BSF        STATUS, 5
0x008D	0x1303      	BCF        STATUS, 6
0x008E	0x0831      	MOVF       FARG_Lcd_Chr_row, 0
0x008F	0x3A01      	XORLW      1
0x0090	0x1903      	BTFSC      STATUS, 2
0x0091	0x287B      	GOTO       L_Lcd_Chr6
0x0092	0x0831      	MOVF       FARG_Lcd_Chr_row, 0
0x0093	0x3A02      	XORLW      2
0x0094	0x1903      	BTFSC      STATUS, 2
0x0095	0x2880      	GOTO       L_Lcd_Chr7
0x0096	0x0831      	MOVF       FARG_Lcd_Chr_row, 0
0x0097	0x3A03      	XORLW      3
0x0098	0x1903      	BTFSC      STATUS, 2
0x0099	0x2883      	GOTO       L_Lcd_Chr8
0x009A	0x0831      	MOVF       FARG_Lcd_Chr_row, 0
0x009B	0x3A04      	XORLW      4
0x009C	0x1903      	BTFSC      STATUS, 2
0x009D	0x2886      	GOTO       L_Lcd_Chr9
0x009E	0x2889      	GOTO       L_Lcd_Chr10
L_Lcd_Chr5:
;__Lib_Lcd.c,74 :: 		
0x009F	0x0332      	DECF       FARG_Lcd_Chr_column, 0
0x00A0	0x00F0      	MOVWF      R0
0x00A1	0x0831      	MOVF       FARG_Lcd_Chr_row, 0
0x00A2	0x07F0      	ADDWF      R0, 1
0x00A3	0x0870      	MOVF       R0, 0
0x00A4	0x00B1      	MOVWF      FARG_Lcd_Chr_row
;__Lib_Lcd.c,76 :: 		
0x00A5	0x1283      	BCF        STATUS, 5
0x00A6	0x1467      	BSF        __Lib_Lcd_cmd_status, BitPos(__Lib_Lcd_cmd_status+0)
;__Lib_Lcd.c,77 :: 		
0x00A7	0x0870      	MOVF       R0, 0
0x00A8	0x1683      	BSF        STATUS, 5
0x00A9	0x00B7      	MOVWF      FARG_Lcd_Cmd_out_char
0x00AA	0x201A      	CALL       _Lcd_Cmd
;__Lib_Lcd.c,79 :: 		
0x00AB	0x1067      	BCF        __Lib_Lcd_cmd_status, BitPos(__Lib_Lcd_cmd_status+0)
;__Lib_Lcd.c,80 :: 		
0x00AC	0x1683      	BSF        STATUS, 5
0x00AD	0x0833      	MOVF       FARG_Lcd_Chr_out_char, 0
0x00AE	0x00B7      	MOVWF      FARG_Lcd_Cmd_out_char
0x00AF	0x201A      	CALL       _Lcd_Cmd
;__Lib_Lcd.c,81 :: 		
0x00B0	0x1467      	BSF        __Lib_Lcd_cmd_status, BitPos(__Lib_Lcd_cmd_status+0)
;__Lib_Lcd.c,82 :: 		
L_end_Lcd_Chr:
0x00B1	0x0008      	RETURN
; end of _Lcd_Chr
_Mul_8X8_U:
;__Lib_Math.c,103 :: 		
;__Lib_Math.c,108 :: 		
0x00B2	0x1283      	BCF        STATUS, 5
;__Lib_Math.c,109 :: 		
0x00B3	0x1303      	BCF        STATUS, 6
;__Lib_Math.c,110 :: 		
0x00B4	0x0870      	MOVF       R0, 0
;__Lib_Math.c,111 :: 		
0x00B5	0x00F1      	MOVWF      R1
;__Lib_Math.c,112 :: 		
0x00B6	0x01F0      	CLRF       R0
;__Lib_Math.c,113 :: 		
0x00B7	0x3008      	MOVLW      8
;__Lib_Math.c,114 :: 		
0x00B8	0x00FC      	MOVWF      R12
;__Lib_Math.c,115 :: 		
0x00B9	0x0871      	MOVF       R1, 0
;__Lib_Math.c,116 :: 		
0x00BA	0x0CF4      	RRF        R4, 1
;__Lib_Math.c,117 :: 		
0x00BB	0x1803      	BTFSC      STATUS, 0
;__Lib_Math.c,118 :: 		
0x00BC	0x28C1      	GOTO       $+5
;__Lib_Math.c,119 :: 		
0x00BD	0x0BFC      	DECFSZ     R12, 1
;__Lib_Math.c,120 :: 		
0x00BE	0x28BA      	GOTO       $-4
;__Lib_Math.c,121 :: 		
0x00BF	0x01F1      	CLRF       R1
;__Lib_Math.c,122 :: 		
0x00C0	0x3400      	RETLW      0
;__Lib_Math.c,123 :: 		
0x00C1	0x1003      	BCF        STATUS, 0
;__Lib_Math.c,124 :: 		
0x00C2	0x28C6      	GOTO       $+4
;__Lib_Math.c,125 :: 		
0x00C3	0x0CF4      	RRF        R4, 1
;__Lib_Math.c,126 :: 		
0x00C4	0x1803      	BTFSC      STATUS, 0
;__Lib_Math.c,127 :: 		
0x00C5	0x07F1      	ADDWF      R1, 1
;__Lib_Math.c,128 :: 		
0x00C6	0x0CF1      	RRF        R1, 1
;__Lib_Math.c,129 :: 		
0x00C7	0x0CF0      	RRF        R0, 1
;__Lib_Math.c,130 :: 		
0x00C8	0x0BFC      	DECFSZ     R12, 1
;__Lib_Math.c,131 :: 		
0x00C9	0x28C3      	GOTO       $-6
;__Lib_Math.c,133 :: 		
;__Lib_Math.c,134 :: 		
L_end_Mul_8X8_U:
0x00CA	0x0008      	RETURN
; end of _Mul_8X8_U
_Div_8X8_U:
;__Lib_Math.c,189 :: 		
;__Lib_Math.c,196 :: 		
0x00CB	0x1283      	BCF        STATUS, 5
;__Lib_Math.c,197 :: 		
0x00CC	0x1303      	BCF        STATUS, 6
;__Lib_Math.c,198 :: 		
0x00CD	0x01F8      	CLRF       R8
;__Lib_Math.c,199 :: 		
0x00CE	0x3008      	MOVLW      8
;__Lib_Math.c,200 :: 		
0x00CF	0x00FC      	MOVWF      R12
;__Lib_Math.c,201 :: 		
0x00D0	0x0D70      	RLF        R0, 0
;__Lib_Math.c,202 :: 		
0x00D1	0x0DF8      	RLF        R8, 1
;__Lib_Math.c,203 :: 		
0x00D2	0x0874      	MOVF       R4, 0
;__Lib_Math.c,204 :: 		
0x00D3	0x02F8      	SUBWF      R8, 1
;__Lib_Math.c,205 :: 		
0x00D4	0x1803      	BTFSC      STATUS, 0
;__Lib_Math.c,206 :: 		
0x00D5	0x28D8      	GOTO       $+3
;__Lib_Math.c,207 :: 		
0x00D6	0x07F8      	ADDWF      R8, 1
;__Lib_Math.c,208 :: 		
0x00D7	0x1003      	BCF        STATUS, 0
;__Lib_Math.c,209 :: 		
0x00D8	0x0DF0      	RLF        R0, 1
;__Lib_Math.c,210 :: 		
0x00D9	0x0BFC      	DECFSZ     R12, 1
;__Lib_Math.c,211 :: 		
0x00DA	0x28D0      	GOTO       $-10
;__Lib_Math.c,213 :: 		
L_end_Div_8X8_U:
0x00DB	0x0008      	RETURN
; end of _Div_8X8_U
_____DoICP:
;__Lib_System.c,6 :: 		
;__Lib_System.c,9 :: 		
0x00DC	0x1283      	BCF        STATUS, 5
0x00DD	0x1303      	BCF        STATUS, 6
0x00DE	0x0849      	MOVF       ___DoICPAddr+1, 0
0x00DF	0x008A      	MOVWF      PCLATH
;__Lib_System.c,10 :: 		
0x00E0	0x0848      	MOVF       ___DoICPAddr, 0
0x00E1	0x0082      	MOVWF      PCL
;__Lib_System.c,12 :: 		
L_end_____DoICP:
0x00E2	0x0008      	RETURN
; end of _____DoICP
_Lcd_Out:
;__Lib_Lcd.c,184 :: 		
;__Lib_Lcd.c,187 :: 		
0x00E3	0x28F5      	GOTO       L_Lcd_Out11
;__Lib_Lcd.c,188 :: 		
L_Lcd_Out13:
0x00E4	0x3080      	MOVLW      128
0x00E5	0x1683      	BSF        STATUS, 5
0x00E6	0x1303      	BCF        STATUS, 6
0x00E7	0x00B1      	MOVWF      FARG_Lcd_Out_row
0x00E8	0x2908      	GOTO       L_Lcd_Out12
;__Lib_Lcd.c,189 :: 		
L_Lcd_Out14:
0x00E9	0x30C0      	MOVLW      192
0x00EA	0x00B1      	MOVWF      FARG_Lcd_Out_row
0x00EB	0x2908      	GOTO       L_Lcd_Out12
;__Lib_Lcd.c,190 :: 		
L_Lcd_Out15:
0x00EC	0x3094      	MOVLW      148
0x00ED	0x00B1      	MOVWF      FARG_Lcd_Out_row
0x00EE	0x2908      	GOTO       L_Lcd_Out12
;__Lib_Lcd.c,191 :: 		
L_Lcd_Out16:
0x00EF	0x30D4      	MOVLW      212
0x00F0	0x00B1      	MOVWF      FARG_Lcd_Out_row
0x00F1	0x2908      	GOTO       L_Lcd_Out12
;__Lib_Lcd.c,192 :: 		
L_Lcd_Out17:
0x00F2	0x3080      	MOVLW      128
0x00F3	0x00B1      	MOVWF      FARG_Lcd_Out_row
;__Lib_Lcd.c,193 :: 		
0x00F4	0x2908      	GOTO       L_Lcd_Out12
L_Lcd_Out11:
0x00F5	0x1683      	BSF        STATUS, 5
0x00F6	0x1303      	BCF        STATUS, 6
0x00F7	0x0831      	MOVF       FARG_Lcd_Out_row, 0
0x00F8	0x3A01      	XORLW      1
0x00F9	0x1903      	BTFSC      STATUS, 2
0x00FA	0x28E4      	GOTO       L_Lcd_Out13
0x00FB	0x0831      	MOVF       FARG_Lcd_Out_row, 0
0x00FC	0x3A02      	XORLW      2
0x00FD	0x1903      	BTFSC      STATUS, 2
0x00FE	0x28E9      	GOTO       L_Lcd_Out14
0x00FF	0x0831      	MOVF       FARG_Lcd_Out_row, 0
0x0100	0x3A03      	XORLW      3
0x0101	0x1903      	BTFSC      STATUS, 2
0x0102	0x28EC      	GOTO       L_Lcd_Out15
0x0103	0x0831      	MOVF       FARG_Lcd_Out_row, 0
0x0104	0x3A04      	XORLW      4
0x0105	0x1903      	BTFSC      STATUS, 2
0x0106	0x28EF      	GOTO       L_Lcd_Out16
0x0107	0x28F2      	GOTO       L_Lcd_Out17
L_Lcd_Out12:
;__Lib_Lcd.c,194 :: 		
0x0108	0x0332      	DECF       FARG_Lcd_Out_column, 0
0x0109	0x00F0      	MOVWF      R0
0x010A	0x0831      	MOVF       FARG_Lcd_Out_row, 0
0x010B	0x07F0      	ADDWF      R0, 1
0x010C	0x0870      	MOVF       R0, 0
0x010D	0x00B1      	MOVWF      FARG_Lcd_Out_row
;__Lib_Lcd.c,196 :: 		
0x010E	0x0870      	MOVF       R0, 0
0x010F	0x00B7      	MOVWF      FARG_Lcd_Cmd_out_char
0x0110	0x201A      	CALL       _Lcd_Cmd
;__Lib_Lcd.c,197 :: 		
0x0111	0x1067      	BCF        __Lib_Lcd_cmd_status, BitPos(__Lib_Lcd_cmd_status+0)
;__Lib_Lcd.c,198 :: 		
0x0112	0x1683      	BSF        STATUS, 5
0x0113	0x01B4      	CLRF       Lcd_Out_i_L0
;__Lib_Lcd.c,199 :: 		
L_Lcd_Out18:
0x0114	0x0834      	MOVF       Lcd_Out_i_L0, 0
0x0115	0x0733      	ADDWF      FARG_Lcd_Out_text, 0
0x0116	0x0084      	MOVWF      FSR
0x0117	0x0800      	MOVF       INDF, 0
0x0118	0x1903      	BTFSC      STATUS, 2
0x0119	0x2923      	GOTO       L_Lcd_Out19
;__Lib_Lcd.c,200 :: 		
0x011A	0x0834      	MOVF       Lcd_Out_i_L0, 0
0x011B	0x0733      	ADDWF      FARG_Lcd_Out_text, 0
0x011C	0x0084      	MOVWF      FSR
0x011D	0x0800      	MOVF       INDF, 0
0x011E	0x00B6      	MOVWF      FARG_Lcd_Chr_CP_out_char
0x011F	0x2071      	CALL       _Lcd_Chr_CP
0x0120	0x1683      	BSF        STATUS, 5
0x0121	0x0AB4      	INCF       Lcd_Out_i_L0, 1
0x0122	0x2914      	GOTO       L_Lcd_Out18
L_Lcd_Out19:
;__Lib_Lcd.c,201 :: 		
0x0123	0x1283      	BCF        STATUS, 5
0x0124	0x1467      	BSF        __Lib_Lcd_cmd_status, BitPos(__Lib_Lcd_cmd_status+0)
;__Lib_Lcd.c,202 :: 		
L_end_Lcd_Out:
0x0125	0x0008      	RETURN
; end of _Lcd_Out
_Delay_10us:
;__Lib_Delays.c,11 :: 		void Delay_10us() {
;__Lib_Delays.c,12 :: 		Delay_us(10);
0x0126	0x3006      	MOVLW      6
0x0127	0x1283      	BCF        STATUS, 5
0x0128	0x1303      	BCF        STATUS, 6
0x0129	0x00FD      	MOVWF      R13
L_Delay_10us0:
0x012A	0x0BFD      	DECFSZ     R13, 1
0x012B	0x292A      	GOTO       L_Delay_10us0
0x012C	0x0000      	NOP
;__Lib_Delays.c,13 :: 		}
L_end_Delay_10us:
0x012D	0x0008      	RETURN
; end of _Delay_10us
_Keypad_Key_Press:
;__Lib_Keypad4x4.c,39 :: 		
;__Lib_Keypad4x4.c,43 :: 		
0x012E	0x1683      	BSF        STATUS, 5
0x012F	0x1303      	BCF        STATUS, 6
0x0130	0x01B1      	CLRF       Keypad_Key_Press_rslt_L0
;__Lib_Keypad4x4.c,44 :: 		
0x0131	0x01B3      	CLRF       Keypad_Key_Press_loc_L0
;__Lib_Keypad4x4.c,45 :: 		
0x0132	0x01B4      	CLRF       Keypad_Key_Press_rowcnt_L0
;__Lib_Keypad4x4.c,46 :: 		
0x0133	0x3010      	MOVLW      16
0x0134	0x00B5      	MOVWF      Keypad_Key_Press_shifter_L0
;__Lib_Keypad4x4.c,48 :: 		
L_Keypad_Key_Press0:
0x0135	0x3004      	MOVLW      4
0x0136	0x0234      	SUBWF      Keypad_Key_Press_rowcnt_L0, 0
0x0137	0x1803      	BTFSC      STATUS, 0
0x0138	0x2963      	GOTO       L_Keypad_Key_Press1
;__Lib_Keypad4x4.c,50 :: 		
0x0139	0x30F0      	MOVLW      240
0x013A	0x1283      	BCF        STATUS, 5
0x013B	0x0088      	MOVWF      keypadPort
;__Lib_Keypad4x4.c,51 :: 		
0x013C	0x3080      	MOVLW      128
0x013D	0x00F0      	MOVWF      R0
0x013E	0x0870      	MOVF       R0, 0
0x013F	0x3E08      	ADDLW      keypadPort
0x0140	0x0084      	MOVWF      FSR
0x0141	0x1683      	BSF        STATUS, 5
0x0142	0x0935      	COMF       Keypad_Key_Press_shifter_L0, 0
0x0143	0x00F0      	MOVWF      R0
0x0144	0x0870      	MOVF       R0, 0
0x0145	0x0080      	MOVWF      INDF
;__Lib_Keypad4x4.c,55 :: 		
0x0146	0x2003      	CALL       _Delay_1us
;__Lib_Keypad4x4.c,56 :: 		
0x0147	0x2003      	CALL       _Delay_1us
;__Lib_Keypad4x4.c,57 :: 		
0x0148	0x300F      	MOVLW      15
0x0149	0x1283      	BCF        STATUS, 5
0x014A	0x0508      	ANDWF      keypadPort, 0
0x014B	0x00F0      	MOVWF      R0
0x014C	0x0870      	MOVF       R0, 0
0x014D	0x1683      	BSF        STATUS, 5
0x014E	0x00B2      	MOVWF      Keypad_Key_Press_kdata_L0
;__Lib_Keypad4x4.c,58 :: 		
0x014F	0x0870      	MOVF       R0, 0
0x0150	0x1903      	BTFSC      STATUS, 2
0x0151	0x295D      	GOTO       L_Keypad_Key_Press2
;__Lib_Keypad4x4.c,60 :: 		
0x0152	0x0833      	MOVF       Keypad_Key_Press_loc_L0, 0
0x0153	0x00B1      	MOVWF      Keypad_Key_Press_rslt_L0
;__Lib_Keypad4x4.c,61 :: 		
L_Keypad_Key_Press3:
0x0154	0x0832      	MOVF       Keypad_Key_Press_kdata_L0, 0
0x0155	0x1903      	BTFSC      STATUS, 2
0x0156	0x295B      	GOTO       L_Keypad_Key_Press4
;__Lib_Keypad4x4.c,62 :: 		
0x0157	0x0CB2      	RRF        Keypad_Key_Press_kdata_L0, 1
0x0158	0x13B2      	BCF        Keypad_Key_Press_kdata_L0, 7
;__Lib_Keypad4x4.c,63 :: 		
0x0159	0x0AB1      	INCF       Keypad_Key_Press_rslt_L0, 1
;__Lib_Keypad4x4.c,64 :: 		
0x015A	0x2954      	GOTO       L_Keypad_Key_Press3
L_Keypad_Key_Press4:
;__Lib_Keypad4x4.c,66 :: 		
0x015B	0x3004      	MOVLW      4
0x015C	0x00B4      	MOVWF      Keypad_Key_Press_rowcnt_L0
;__Lib_Keypad4x4.c,67 :: 		
L_Keypad_Key_Press2:
;__Lib_Keypad4x4.c,68 :: 		
0x015D	0x0DB5      	RLF        Keypad_Key_Press_shifter_L0, 1
0x015E	0x1035      	BCF        Keypad_Key_Press_shifter_L0, 0
;__Lib_Keypad4x4.c,69 :: 		
0x015F	0x3004      	MOVLW      4
0x0160	0x07B3      	ADDWF      Keypad_Key_Press_loc_L0, 1
;__Lib_Keypad4x4.c,70 :: 		
0x0161	0x0AB4      	INCF       Keypad_Key_Press_rowcnt_L0, 1
;__Lib_Keypad4x4.c,71 :: 		
0x0162	0x2935      	GOTO       L_Keypad_Key_Press0
L_Keypad_Key_Press1:
;__Lib_Keypad4x4.c,73 :: 		
0x0163	0x0831      	MOVF       Keypad_Key_Press_rslt_L0, 0
0x0164	0x00F0      	MOVWF      R0
;__Lib_Keypad4x4.c,74 :: 		
L_end_Keypad_Key_Press:
0x0165	0x0008      	RETURN
; end of _Keypad_Key_Press
_Div_16x16_S_L:
;__Lib_Math.c,421 :: 		
;__Lib_Math.c,427 :: 		
0x0166	0x0D71      	RLF        R1, 0
;__Lib_Math.c,428 :: 		
0x0167	0x0DF8      	RLF        R8, 1
;__Lib_Math.c,429 :: 		
0x0168	0x0DF9      	RLF        R9, 1
;__Lib_Math.c,430 :: 		
0x0169	0x0874      	MOVF       R4, 0
;__Lib_Math.c,431 :: 		
0x016A	0x02F8      	SUBWF      R8, 1
;__Lib_Math.c,432 :: 		
0x016B	0x0875      	MOVF       R5, 0
;__Lib_Math.c,433 :: 		
0x016C	0x1C03      	BTFSS      STATUS, 0
;__Lib_Math.c,434 :: 		
0x016D	0x0F75      	INCFSZ     R5, 0
;__Lib_Math.c,435 :: 		
0x016E	0x02F9      	SUBWF      R9, 1
;__Lib_Math.c,436 :: 		
0x016F	0x0DF0      	RLF        R0, 1
;__Lib_Math.c,437 :: 		
0x0170	0x0DF1      	RLF        R1, 1
;__Lib_Math.c,439 :: 		
0x0171	0x300F      	MOVLW      15
;__Lib_Math.c,440 :: 		
0x0172	0x00FC      	MOVWF      R12
;__Lib_Math.c,442 :: 		
0x0173	0x0D71      	RLF        R1, 0
;__Lib_Math.c,443 :: 		
0x0174	0x0DF8      	RLF        R8, 1
;__Lib_Math.c,444 :: 		
0x0175	0x0DF9      	RLF        R9, 1
;__Lib_Math.c,445 :: 		
0x0176	0x0874      	MOVF       R4, 0
;__Lib_Math.c,447 :: 		
0x0177	0x1C70      	BTFSS      R0, 0
;__Lib_Math.c,448 :: 		
0x0178	0x297F      	GOTO       $+7
;__Lib_Math.c,449 :: 		
0x0179	0x02F8      	SUBWF      R8, 1
;__Lib_Math.c,450 :: 		
0x017A	0x0875      	MOVF       R5, 0
;__Lib_Math.c,451 :: 		
0x017B	0x1C03      	BTFSS      STATUS, 0
;__Lib_Math.c,452 :: 		
0x017C	0x0F75      	INCFSZ     R5, 0
;__Lib_Math.c,453 :: 		
0x017D	0x02F9      	SUBWF      R9, 1
;__Lib_Math.c,454 :: 		
0x017E	0x2984      	GOTO       $+6
;__Lib_Math.c,456 :: 		
0x017F	0x07F8      	ADDWF      R8, 1
;__Lib_Math.c,457 :: 		
0x0180	0x0875      	MOVF       R5, 0
;__Lib_Math.c,458 :: 		
0x0181	0x1803      	BTFSC      STATUS, 0
;__Lib_Math.c,459 :: 		
0x0182	0x0F75      	INCFSZ     R5, 0
;__Lib_Math.c,460 :: 		
0x0183	0x07F9      	ADDWF      R9, 1
;__Lib_Math.c,462 :: 		
0x0184	0x0DF0      	RLF        R0, 1
;__Lib_Math.c,463 :: 		
0x0185	0x0DF1      	RLF        R1, 1
;__Lib_Math.c,465 :: 		
0x0186	0x0BFC      	DECFSZ     R12, 1
;__Lib_Math.c,466 :: 		
0x0187	0x2973      	GOTO       $-20
;__Lib_Math.c,468 :: 		
0x0188	0x1870      	BTFSC      R0, 0
;__Lib_Math.c,469 :: 		
0x0189	0x2990      	GOTO       $+7
;__Lib_Math.c,470 :: 		
0x018A	0x0874      	MOVF       R4, 0
;__Lib_Math.c,471 :: 		
0x018B	0x07F8      	ADDWF      R8, 1
;__Lib_Math.c,472 :: 		
0x018C	0x0875      	MOVF       R5, 0
;__Lib_Math.c,473 :: 		
0x018D	0x1803      	BTFSC      STATUS, 0
;__Lib_Math.c,474 :: 		
0x018E	0x0F75      	INCFSZ     R5, 0
;__Lib_Math.c,475 :: 		
0x018F	0x07F9      	ADDWF      R9, 1
;__Lib_Math.c,476 :: 		
0x0190	0x0000      	NOP
;__Lib_Math.c,478 :: 		
L_end_Div_16x16_S_L:
0x0191	0x0008      	RETURN
; end of _Div_16x16_S_L
_Div_16x16_S:
;__Lib_Math.c,480 :: 		
;__Lib_Math.c,488 :: 		
0x0192	0x1283      	BCF        STATUS, 5
0x0193	0x1303      	BCF        STATUS, 6
0x0194	0x0874      	MOVF       R4, 0
0x0195	0x3A00      	XORLW      0
0x0196	0x1D03      	BTFSS      STATUS, 2
0x0197	0x29A1      	GOTO       L_Div_16x16_S0
;__Lib_Math.c,489 :: 		
0x0198	0x0875      	MOVF       R5, 0
0x0199	0x3A00      	XORLW      0
0x019A	0x1D03      	BTFSS      STATUS, 2
0x019B	0x29A1      	GOTO       L_Div_16x16_S1
;__Lib_Math.c,490 :: 		
0x019C	0x30FF      	MOVLW      255
0x019D	0x00F0      	MOVWF      R0
;__Lib_Math.c,491 :: 		
0x019E	0x307F      	MOVLW      127
0x019F	0x00F1      	MOVWF      R1
;__Lib_Math.c,492 :: 		
0x01A0	0x29FA      	GOTO       L_end_Div_16x16_S
;__Lib_Math.c,493 :: 		
L_Div_16x16_S1:
L_Div_16x16_S0:
;__Lib_Math.c,496 :: 		
0x01A1	0x1283      	BCF        STATUS, 5
;__Lib_Math.c,497 :: 		
0x01A2	0x1303      	BCF        STATUS, 6
;__Lib_Math.c,498 :: 		
0x01A3	0x01FD      	CLRF       R13
;__Lib_Math.c,499 :: 		
0x01A4	0x01F9      	CLRF       R9
;__Lib_Math.c,500 :: 		
0x01A5	0x01F8      	CLRF       R8
;__Lib_Math.c,501 :: 		
0x01A6	0x0871      	MOVF       R1, 0
;__Lib_Math.c,502 :: 		
0x01A7	0x0470      	IORWF      R0, 0
;__Lib_Math.c,503 :: 		
0x01A8	0x1903      	BTFSC      STATUS, 2
;__Lib_Math.c,504 :: 		
0x01A9	0x3400      	RETLW      0
;__Lib_Math.c,506 :: 		
0x01AA	0x0871      	MOVF       R1, 0
;__Lib_Math.c,507 :: 		
0x01AB	0x0675      	XORWF      R5, 0
;__Lib_Math.c,508 :: 		
0x01AC	0x00FA      	MOVWF      R10
;__Lib_Math.c,509 :: 		
0x01AD	0x1BFA      	BTFSC      R10, 7
;__Lib_Math.c,510 :: 		
0x01AE	0x09FD      	COMF       R13, 1
;__Lib_Math.c,512 :: 		
0x01AF	0x01FB      	CLRF       R11
;__Lib_Math.c,514 :: 		
0x01B0	0x1FF5      	BTFSS      R5, 7
;__Lib_Math.c,515 :: 		
0x01B1	0x29B7      	GOTO       $+6
;__Lib_Math.c,517 :: 		
0x01B2	0x09F4      	COMF       R4, 1
;__Lib_Math.c,518 :: 		
0x01B3	0x09F5      	COMF       R5, 1
;__Lib_Math.c,519 :: 		
0x01B4	0x0AF4      	INCF       R4, 1
;__Lib_Math.c,520 :: 		
0x01B5	0x1903      	BTFSC      STATUS, 2
;__Lib_Math.c,521 :: 		
0x01B6	0x0AF5      	INCF       R5, 1
;__Lib_Math.c,523 :: 		
0x01B7	0x1FF1      	BTFSS      R1, 7
;__Lib_Math.c,524 :: 		
0x01B8	0x29BE      	GOTO       $+6
;__Lib_Math.c,526 :: 		
0x01B9	0x09F0      	COMF       R0, 1
;__Lib_Math.c,527 :: 		
0x01BA	0x09F1      	COMF       R1, 1
;__Lib_Math.c,528 :: 		
0x01BB	0x0AF0      	INCF       R0, 1
;__Lib_Math.c,529 :: 		
0x01BC	0x1903      	BTFSC      STATUS, 2
;__Lib_Math.c,530 :: 		
0x01BD	0x0AF1      	INCF       R1, 1
;__Lib_Math.c,532 :: 		
0x01BE	0x0871      	MOVF       R1, 0
;__Lib_Math.c,533 :: 		
0x01BF	0x0475      	IORWF      R5, 0
;__Lib_Math.c,534 :: 		
0x01C0	0x00FA      	MOVWF      R10
;__Lib_Math.c,535 :: 		
0x01C1	0x1BFA      	BTFSC      R10, 7
;__Lib_Math.c,536 :: 		
0x01C2	0x29D3      	GOTO       $+17
;__Lib_Math.c,538 :: 		
0x01C3	0x2166      	CALL       _Div_16x16_S_L
;__Lib_Math.c,540 :: 		
0x01C4	0x187B      	BTFSC      R11, 0
;__Lib_Math.c,541 :: 		
0x01C5	0x29E6      	GOTO       $+33
;__Lib_Math.c,543 :: 		
0x01C6	0x1FFD      	BTFSS      R13, 7
;__Lib_Math.c,544 :: 		
0x01C7	0x3400      	RETLW      0
;__Lib_Math.c,546 :: 		
0x01C8	0x09F0      	COMF       R0, 1
;__Lib_Math.c,547 :: 		
0x01C9	0x09F1      	COMF       R1, 1
;__Lib_Math.c,548 :: 		
0x01CA	0x0AF0      	INCF       R0, 1
;__Lib_Math.c,549 :: 		
0x01CB	0x1903      	BTFSC      STATUS, 2
;__Lib_Math.c,550 :: 		
0x01CC	0x0AF1      	INCF       R1, 1
;__Lib_Math.c,552 :: 		
0x01CD	0x09F8      	COMF       R8, 1
;__Lib_Math.c,553 :: 		
0x01CE	0x09F9      	COMF       R9, 1
;__Lib_Math.c,554 :: 		
0x01CF	0x0AF8      	INCF       R8, 1
;__Lib_Math.c,555 :: 		
0x01D0	0x1903      	BTFSC      STATUS, 2
;__Lib_Math.c,556 :: 		
0x01D1	0x0AF9      	INCF       R9, 1
;__Lib_Math.c,558 :: 		
0x01D2	0x3400      	RETLW      0
;__Lib_Math.c,560 :: 		
0x01D3	0x1FF5      	BTFSS      R5, 7
;__Lib_Math.c,561 :: 		
0x01D4	0x29E2      	GOTO       $+14
;__Lib_Math.c,562 :: 		
0x01D5	0x1BF1      	BTFSC      R1, 7
;__Lib_Math.c,563 :: 		
0x01D6	0x29DE      	GOTO       $+8
;__Lib_Math.c,564 :: 		
0x01D7	0x0871      	MOVF       R1, 0
;__Lib_Math.c,565 :: 		
0x01D8	0x00F9      	MOVWF      R9
;__Lib_Math.c,566 :: 		
0x01D9	0x0870      	MOVF       R0, 0
;__Lib_Math.c,567 :: 		
0x01DA	0x00F8      	MOVWF      R8
;__Lib_Math.c,568 :: 		
0x01DB	0x01F1      	CLRF       R1
;__Lib_Math.c,569 :: 		
0x01DC	0x01F0      	CLRF       R0
;__Lib_Math.c,570 :: 		
0x01DD	0x29C6      	GOTO       $-23
;__Lib_Math.c,571 :: 		
0x01DE	0x01F1      	CLRF       R1
;__Lib_Math.c,572 :: 		
0x01DF	0x01F0      	CLRF       R0
;__Lib_Math.c,573 :: 		
0x01E0	0x0AF0      	INCF       R0, 1
;__Lib_Math.c,574 :: 		
0x01E1	0x3400      	RETLW      0
;__Lib_Math.c,576 :: 		
0x01E2	0x09F1      	COMF       R1, 1
;__Lib_Math.c,577 :: 		
0x01E3	0x09F0      	COMF       R0, 1
;__Lib_Math.c,578 :: 		
0x01E4	0x0AFB      	INCF       R11, 1
;__Lib_Math.c,579 :: 		
0x01E5	0x29C3      	GOTO       $-34
;__Lib_Math.c,581 :: 		
0x01E6	0x0AF8      	INCF       R8, 1
;__Lib_Math.c,582 :: 		
0x01E7	0x1903      	BTFSC      STATUS, 2
;__Lib_Math.c,583 :: 		
0x01E8	0x0AF9      	INCF       R9, 1
;__Lib_Math.c,584 :: 		
0x01E9	0x0874      	MOVF       R4, 0
;__Lib_Math.c,585 :: 		
0x01EA	0x0278      	SUBWF      R8, 0
;__Lib_Math.c,586 :: 		
0x01EB	0x1D03      	BTFSS      STATUS, 2
;__Lib_Math.c,587 :: 		
0x01EC	0x29C6      	GOTO       $-38
;__Lib_Math.c,588 :: 		
0x01ED	0x0875      	MOVF       R5, 0
;__Lib_Math.c,589 :: 		
0x01EE	0x0279      	SUBWF      R9, 0
;__Lib_Math.c,590 :: 		
0x01EF	0x1D03      	BTFSS      STATUS, 2
;__Lib_Math.c,591 :: 		
0x01F0	0x29C6      	GOTO       $-42
;__Lib_Math.c,592 :: 		
0x01F1	0x01F9      	CLRF       R9
;__Lib_Math.c,593 :: 		
0x01F2	0x01F8      	CLRF       R8
;__Lib_Math.c,594 :: 		
0x01F3	0x0AF0      	INCF       R0, 1
;__Lib_Math.c,595 :: 		
0x01F4	0x1903      	BTFSC      STATUS, 2
;__Lib_Math.c,596 :: 		
0x01F5	0x0AF1      	INCF       R1, 1
;__Lib_Math.c,597 :: 		
0x01F6	0x1FF1      	BTFSS      R1, 7
;__Lib_Math.c,598 :: 		
0x01F7	0x29C6      	GOTO       $-49
;__Lib_Math.c,599 :: 		
0x01F8	0x0000      	NOP
;__Lib_Math.c,600 :: 		
0x01F9	0x34FF      	RETLW      255
;__Lib_Math.c,602 :: 		
L_end_Div_16x16_S:
0x01FA	0x0008      	RETURN
; end of _Div_16x16_S
_Keypad_Key_Click:
;__Lib_Keypad4x4.c,77 :: 		
;__Lib_Keypad4x4.c,81 :: 		
0x01FB	0x212E      	CALL       _Keypad_Key_Press
0x01FC	0x0870      	MOVF       R0, 0
0x01FD	0x1283      	BCF        STATUS, 5
0x01FE	0x00EE      	MOVWF      Keypad_Key_Click_rslt_L0
;__Lib_Keypad4x4.c,83 :: 		
L_Keypad_Key_Click5:
0x01FF	0x300F      	MOVLW      15
0x0200	0x0508      	ANDWF      keypadPort, 0
0x0201	0x00F0      	MOVWF      R0
0x0202	0x1903      	BTFSC      STATUS, 2
0x0203	0x2A06      	GOTO       L_Keypad_Key_Click6
;__Lib_Keypad4x4.c,84 :: 		
0x0204	0x2126      	CALL       _Delay_10us
0x0205	0x29FF      	GOTO       L_Keypad_Key_Click5
L_Keypad_Key_Click6:
;__Lib_Keypad4x4.c,86 :: 		
0x0206	0x086E      	MOVF       Keypad_Key_Click_rslt_L0, 0
0x0207	0x00F0      	MOVWF      R0
;__Lib_Keypad4x4.c,87 :: 		
L_end_Keypad_Key_Click:
0x0208	0x0008      	RETURN
; end of _Keypad_Key_Click
_pageView:
;Ilac.c,47 :: 		void pageView(){
;Ilac.c,48 :: 		char string[] = "Alarm     :  ";
0x0209	0x3041      	MOVLW      65
0x020A	0x1683      	BSF        STATUS, 5
0x020B	0x1303      	BCF        STATUS, 6
0x020C	0x00A3      	MOVWF      pageView_string_L0
0x020D	0x306C      	MOVLW      108
0x020E	0x00A4      	MOVWF      pageView_string_L0+1
0x020F	0x3061      	MOVLW      97
0x0210	0x00A5      	MOVWF      pageView_string_L0+2
0x0211	0x3072      	MOVLW      114
0x0212	0x00A6      	MOVWF      pageView_string_L0+3
0x0213	0x306D      	MOVLW      109
0x0214	0x00A7      	MOVWF      pageView_string_L0+4
0x0215	0x3020      	MOVLW      32
0x0216	0x00A8      	MOVWF      pageView_string_L0+5
0x0217	0x3020      	MOVLW      32
0x0218	0x00A9      	MOVWF      pageView_string_L0+6
0x0219	0x3020      	MOVLW      32
0x021A	0x00AA      	MOVWF      pageView_string_L0+7
0x021B	0x3020      	MOVLW      32
0x021C	0x00AB      	MOVWF      pageView_string_L0+8
0x021D	0x3020      	MOVLW      32
0x021E	0x00AC      	MOVWF      pageView_string_L0+9
0x021F	0x303A      	MOVLW      58
0x0220	0x00AD      	MOVWF      pageView_string_L0+10
0x0221	0x3020      	MOVLW      32
0x0222	0x00AE      	MOVWF      pageView_string_L0+11
0x0223	0x3020      	MOVLW      32
0x0224	0x00AF      	MOVWF      pageView_string_L0+12
0x0225	0x01B0      	CLRF       pageView_string_L0+13
;Ilac.c,49 :: 		string[6] = page+49;
0x0226	0x3031      	MOVLW      49
0x0227	0x1283      	BCF        STATUS, 5
0x0228	0x0721      	ADDWF      _page, 0
0x0229	0x1683      	BSF        STATUS, 5
0x022A	0x00A9      	MOVWF      pageView_string_L0+6
;Ilac.c,50 :: 		string[8] = (alarms[page].hour/10)+48;
0x022B	0x1283      	BCF        STATUS, 5
0x022C	0x0821      	MOVF       _page, 0
0x022D	0x00F0      	MOVWF      R0
0x022E	0x0DF0      	RLF        R0, 1
0x022F	0x1070      	BCF        R0, 0
0x0230	0x0DF0      	RLF        R0, 1
0x0231	0x1070      	BCF        R0, 0
0x0232	0x0870      	MOVF       R0, 0
0x0233	0x3E4A      	ADDLW      _alarms
0x0234	0x00EF      	MOVWF      FLOC__pageView+1
0x0235	0x0A6F      	INCF       FLOC__pageView+1, 0
0x0236	0x00EE      	MOVWF      FLOC__pageView
0x0237	0x086E      	MOVF       FLOC__pageView, 0
0x0238	0x0084      	MOVWF      FSR
0x0239	0x0800      	MOVF       INDF, 0
0x023A	0x00F0      	MOVWF      R0
0x023B	0x300A      	MOVLW      10
0x023C	0x00F4      	MOVWF      R4
0x023D	0x20CB      	CALL       _Div_8X8_U
0x023E	0x3030      	MOVLW      48
0x023F	0x0770      	ADDWF      R0, 0
0x0240	0x1683      	BSF        STATUS, 5
0x0241	0x00AB      	MOVWF      pageView_string_L0+8
;Ilac.c,51 :: 		string[9] = (alarms[page].hour%10)+48;
0x0242	0x1283      	BCF        STATUS, 5
0x0243	0x086E      	MOVF       FLOC__pageView, 0
0x0244	0x0084      	MOVWF      FSR
0x0245	0x0800      	MOVF       INDF, 0
0x0246	0x00F0      	MOVWF      R0
0x0247	0x300A      	MOVLW      10
0x0248	0x00F4      	MOVWF      R4
0x0249	0x20CB      	CALL       _Div_8X8_U
0x024A	0x0878      	MOVF       R8, 0
0x024B	0x00F0      	MOVWF      R0
0x024C	0x3030      	MOVLW      48
0x024D	0x0770      	ADDWF      R0, 0
0x024E	0x1683      	BSF        STATUS, 5
0x024F	0x00AC      	MOVWF      pageView_string_L0+9
;Ilac.c,52 :: 		string[11] = (alarms[page].minute/10)+48;
0x0250	0x1283      	BCF        STATUS, 5
0x0251	0x086F      	MOVF       FLOC__pageView+1, 0
0x0252	0x0084      	MOVWF      FSR
0x0253	0x0800      	MOVF       INDF, 0
0x0254	0x00F0      	MOVWF      R0
0x0255	0x300A      	MOVLW      10
0x0256	0x00F4      	MOVWF      R4
0x0257	0x20CB      	CALL       _Div_8X8_U
0x0258	0x3030      	MOVLW      48
0x0259	0x0770      	ADDWF      R0, 0
0x025A	0x1683      	BSF        STATUS, 5
0x025B	0x00AE      	MOVWF      pageView_string_L0+11
;Ilac.c,53 :: 		string[12] = (alarms[page].minute%10)+48;
0x025C	0x1283      	BCF        STATUS, 5
0x025D	0x086F      	MOVF       FLOC__pageView+1, 0
0x025E	0x0084      	MOVWF      FSR
0x025F	0x0800      	MOVF       INDF, 0
0x0260	0x00F0      	MOVWF      R0
0x0261	0x300A      	MOVLW      10
0x0262	0x00F4      	MOVWF      R4
0x0263	0x20CB      	CALL       _Div_8X8_U
0x0264	0x0878      	MOVF       R8, 0
0x0265	0x00F0      	MOVWF      R0
0x0266	0x3030      	MOVLW      48
0x0267	0x0770      	ADDWF      R0, 0
0x0268	0x1683      	BSF        STATUS, 5
0x0269	0x00AF      	MOVWF      pageView_string_L0+12
;Ilac.c,54 :: 		Lcd_Out(2,1,string);
0x026A	0x3002      	MOVLW      2
0x026B	0x00B1      	MOVWF      FARG_Lcd_Out_row
0x026C	0x3001      	MOVLW      1
0x026D	0x00B2      	MOVWF      FARG_Lcd_Out_column
0x026E	0x30A3      	MOVLW      pageView_string_L0
0x026F	0x00B3      	MOVWF      FARG_Lcd_Out_text
0x0270	0x20E3      	CALL       _Lcd_Out
;Ilac.c,55 :: 		if (alarms[page].active == 1) {
0x0271	0x0821      	MOVF       _page, 0
0x0272	0x00F0      	MOVWF      R0
0x0273	0x0DF0      	RLF        R0, 1
0x0274	0x1070      	BCF        R0, 0
0x0275	0x0DF0      	RLF        R0, 1
0x0276	0x1070      	BCF        R0, 0
0x0277	0x304A      	MOVLW      _alarms
0x0278	0x07F0      	ADDWF      R0, 1
0x0279	0x3002      	MOVLW      2
0x027A	0x0770      	ADDWF      R0, 0
0x027B	0x0084      	MOVWF      FSR
0x027C	0x0800      	MOVF       INDF, 0
0x027D	0x00F1      	MOVWF      R1
0x027E	0x0A84      	INCF       FSR, 1
0x027F	0x0800      	MOVF       INDF, 0
0x0280	0x00F2      	MOVWF      R1+1
0x0281	0x3000      	MOVLW      0
0x0282	0x0672      	XORWF      R1+1, 0
0x0283	0x1D03      	BTFSS      STATUS, 2
0x0284	0x2A87      	GOTO       L__pageView48
0x0285	0x3001      	MOVLW      1
0x0286	0x0671      	XORWF      R1, 0
L__pageView48:
0x0287	0x1D03      	BTFSS      STATUS, 2
0x0288	0x2A92      	GOTO       L_pageView0
;Ilac.c,56 :: 		Lcd_Out(3,1," Active ");
0x0289	0x3003      	MOVLW      3
0x028A	0x1683      	BSF        STATUS, 5
0x028B	0x00B1      	MOVWF      FARG_Lcd_Out_row
0x028C	0x3001      	MOVLW      1
0x028D	0x00B2      	MOVWF      FARG_Lcd_Out_column
0x028E	0x3023      	MOVLW      ?lstr1_Ilac
0x028F	0x00B3      	MOVWF      FARG_Lcd_Out_text
0x0290	0x20E3      	CALL       _Lcd_Out
;Ilac.c,57 :: 		} else {
0x0291	0x2A9A      	GOTO       L_pageView1
L_pageView0:
;Ilac.c,58 :: 		Lcd_Out(3,1,"Inactive");
0x0292	0x3003      	MOVLW      3
0x0293	0x1683      	BSF        STATUS, 5
0x0294	0x00B1      	MOVWF      FARG_Lcd_Out_row
0x0295	0x3001      	MOVLW      1
0x0296	0x00B2      	MOVWF      FARG_Lcd_Out_column
0x0297	0x303C      	MOVLW      ?lstr2_Ilac
0x0298	0x00B3      	MOVWF      FARG_Lcd_Out_text
0x0299	0x20E3      	CALL       _Lcd_Out
;Ilac.c,59 :: 		}
L_pageView1:
;Ilac.c,60 :: 		}
L_end_pageView:
0x029A	0x0008      	RETURN
; end of _pageView
_Keypad_Init:
;__Lib_Keypad4x4.c,34 :: 		
;__Lib_Keypad4x4.c,35 :: 		
0x029B	0x3080      	MOVLW      128
0x029C	0x1283      	BCF        STATUS, 5
0x029D	0x1303      	BCF        STATUS, 6
0x029E	0x00F0      	MOVWF      R0
0x029F	0x0870      	MOVF       R0, 0
0x02A0	0x3E08      	ADDLW      keypadPort
0x02A1	0x0084      	MOVWF      FSR
0x02A2	0x30FF      	MOVLW      255
0x02A3	0x0080      	MOVWF      INDF
;__Lib_Keypad4x4.c,36 :: 		
L_end_Keypad_Init:
0x02A4	0x0008      	RETURN
; end of _Keypad_Init
_Lcd_Init:
;__Lib_Lcd.c,84 :: 		
;__Lib_Lcd.c,86 :: 		
0x02A5	0x1683      	BSF        STATUS, 5
0x02A6	0x1303      	BCF        STATUS, 6
0x02A7	0x1286      	BCF        LCD_EN_Direction, BitPos(LCD_EN_Direction+0)
;__Lib_Lcd.c,87 :: 		
0x02A8	0x1206      	BCF        LCD_RS_Direction, BitPos(LCD_RS_Direction+0)
;__Lib_Lcd.c,88 :: 		
0x02A9	0x1006      	BCF        LCD_D4_Direction, BitPos(LCD_D4_Direction+0)
;__Lib_Lcd.c,89 :: 		
0x02AA	0x1086      	BCF        LCD_D5_Direction, BitPos(LCD_D5_Direction+0)
;__Lib_Lcd.c,90 :: 		
0x02AB	0x1106      	BCF        LCD_D6_Direction, BitPos(LCD_D6_Direction+0)
;__Lib_Lcd.c,91 :: 		
0x02AC	0x1186      	BCF        LCD_D7_Direction, BitPos(LCD_D7_Direction+0)
;__Lib_Lcd.c,93 :: 		
0x02AD	0x1283      	BCF        STATUS, 5
0x02AE	0x1286      	BCF        LCD_EN, BitPos(LCD_EN+0)
;__Lib_Lcd.c,94 :: 		
0x02AF	0x1206      	BCF        LCD_RS, BitPos(LCD_RS+0)
;__Lib_Lcd.c,95 :: 		
0x02B0	0x1186      	BCF        LCD_D7, BitPos(LCD_D7+0)
;__Lib_Lcd.c,96 :: 		
0x02B1	0x1106      	BCF        LCD_D6, BitPos(LCD_D6+0)
;__Lib_Lcd.c,97 :: 		
0x02B2	0x1086      	BCF        LCD_D5, BitPos(LCD_D5+0)
;__Lib_Lcd.c,98 :: 		
0x02B3	0x1006      	BCF        LCD_D4, BitPos(LCD_D4+0)
;__Lib_Lcd.c,100 :: 		
0x02B4	0x200D      	CALL       _Delay_5500us
;__Lib_Lcd.c,101 :: 		
0x02B5	0x200D      	CALL       _Delay_5500us
;__Lib_Lcd.c,102 :: 		
0x02B6	0x200D      	CALL       _Delay_5500us
;__Lib_Lcd.c,105 :: 		
0x02B7	0x1486      	BSF        LCD_D5, BitPos(LCD_D5+0)
;__Lib_Lcd.c,106 :: 		
0x02B8	0x1406      	BSF        LCD_D4, BitPos(LCD_D4+0)
;__Lib_Lcd.c,107 :: 		
0x02B9	0x1686      	BSF        LCD_EN, BitPos(LCD_EN+0)
;__Lib_Lcd.c,108 :: 		
0x02BA	0x2003      	CALL       _Delay_1us
;__Lib_Lcd.c,109 :: 		
0x02BB	0x1286      	BCF        LCD_EN, BitPos(LCD_EN+0)
;__Lib_Lcd.c,110 :: 		
0x02BC	0x200D      	CALL       _Delay_5500us
;__Lib_Lcd.c,112 :: 		
0x02BD	0x1686      	BSF        LCD_EN, BitPos(LCD_EN+0)
;__Lib_Lcd.c,113 :: 		
0x02BE	0x2003      	CALL       _Delay_1us
;__Lib_Lcd.c,114 :: 		
0x02BF	0x1286      	BCF        LCD_EN, BitPos(LCD_EN+0)
;__Lib_Lcd.c,115 :: 		
0x02C0	0x200D      	CALL       _Delay_5500us
;__Lib_Lcd.c,117 :: 		
0x02C1	0x1686      	BSF        LCD_EN, BitPos(LCD_EN+0)
;__Lib_Lcd.c,118 :: 		
0x02C2	0x2003      	CALL       _Delay_1us
;__Lib_Lcd.c,119 :: 		
0x02C3	0x1286      	BCF        LCD_EN, BitPos(LCD_EN+0)
;__Lib_Lcd.c,120 :: 		
0x02C4	0x200D      	CALL       _Delay_5500us
;__Lib_Lcd.c,123 :: 		
0x02C5	0x1006      	BCF        LCD_D4, BitPos(LCD_D4+0)
;__Lib_Lcd.c,124 :: 		
0x02C6	0x1686      	BSF        LCD_EN, BitPos(LCD_EN+0)
;__Lib_Lcd.c,125 :: 		
0x02C7	0x2003      	CALL       _Delay_1us
;__Lib_Lcd.c,126 :: 		
0x02C8	0x1286      	BCF        LCD_EN, BitPos(LCD_EN+0)
;__Lib_Lcd.c,127 :: 		
0x02C9	0x200D      	CALL       _Delay_5500us
;__Lib_Lcd.c,130 :: 		
0x02CA	0x1686      	BSF        LCD_EN, BitPos(LCD_EN+0)
;__Lib_Lcd.c,131 :: 		
0x02CB	0x2003      	CALL       _Delay_1us
;__Lib_Lcd.c,132 :: 		
0x02CC	0x1286      	BCF        LCD_EN, BitPos(LCD_EN+0)
;__Lib_Lcd.c,134 :: 		
0x02CD	0x1086      	BCF        LCD_D5, BitPos(LCD_D5+0)
;__Lib_Lcd.c,135 :: 		
0x02CE	0x1586      	BSF        LCD_D7, BitPos(LCD_D7+0)
;__Lib_Lcd.c,136 :: 		
0x02CF	0x1686      	BSF        LCD_EN, BitPos(LCD_EN+0)
;__Lib_Lcd.c,137 :: 		
0x02D0	0x2003      	CALL       _Delay_1us
;__Lib_Lcd.c,138 :: 		
0x02D1	0x1286      	BCF        LCD_EN, BitPos(LCD_EN+0)
;__Lib_Lcd.c,139 :: 		
0x02D2	0x200D      	CALL       _Delay_5500us
;__Lib_Lcd.c,142 :: 		
0x02D3	0x1186      	BCF        LCD_D7, BitPos(LCD_D7+0)
;__Lib_Lcd.c,143 :: 		
0x02D4	0x1406      	BSF        LCD_D4, BitPos(LCD_D4+0)
;__Lib_Lcd.c,144 :: 		
0x02D5	0x1686      	BSF        LCD_EN, BitPos(LCD_EN+0)
;__Lib_Lcd.c,145 :: 		
0x02D6	0x2003      	CALL       _Delay_1us
;__Lib_Lcd.c,146 :: 		
0x02D7	0x1286      	BCF        LCD_EN, BitPos(LCD_EN+0)
;__Lib_Lcd.c,148 :: 		
0x02D8	0x1006      	BCF        LCD_D4, BitPos(LCD_D4+0)
;__Lib_Lcd.c,149 :: 		
0x02D9	0x1686      	BSF        LCD_EN, BitPos(LCD_EN+0)
;__Lib_Lcd.c,150 :: 		
0x02DA	0x2003      	CALL       _Delay_1us
;__Lib_Lcd.c,151 :: 		
0x02DB	0x1286      	BCF        LCD_EN, BitPos(LCD_EN+0)
;__Lib_Lcd.c,152 :: 		
0x02DC	0x200D      	CALL       _Delay_5500us
;__Lib_Lcd.c,155 :: 		
0x02DD	0x1686      	BSF        LCD_EN, BitPos(LCD_EN+0)
;__Lib_Lcd.c,156 :: 		
0x02DE	0x2003      	CALL       _Delay_1us
;__Lib_Lcd.c,157 :: 		
0x02DF	0x1286      	BCF        LCD_EN, BitPos(LCD_EN+0)
;__Lib_Lcd.c,159 :: 		
0x02E0	0x1406      	BSF        LCD_D4, BitPos(LCD_D4+0)
;__Lib_Lcd.c,160 :: 		
0x02E1	0x1686      	BSF        LCD_EN, BitPos(LCD_EN+0)
;__Lib_Lcd.c,161 :: 		
0x02E2	0x2003      	CALL       _Delay_1us
;__Lib_Lcd.c,162 :: 		
0x02E3	0x1286      	BCF        LCD_EN, BitPos(LCD_EN+0)
;__Lib_Lcd.c,163 :: 		
0x02E4	0x200D      	CALL       _Delay_5500us
;__Lib_Lcd.c,166 :: 		
0x02E5	0x1006      	BCF        LCD_D4, BitPos(LCD_D4+0)
;__Lib_Lcd.c,167 :: 		
0x02E6	0x1686      	BSF        LCD_EN, BitPos(LCD_EN+0)
;__Lib_Lcd.c,168 :: 		
0x02E7	0x2003      	CALL       _Delay_1us
;__Lib_Lcd.c,169 :: 		
0x02E8	0x1286      	BCF        LCD_EN, BitPos(LCD_EN+0)
;__Lib_Lcd.c,171 :: 		
0x02E9	0x1586      	BSF        LCD_D7, BitPos(LCD_D7+0)
;__Lib_Lcd.c,172 :: 		
0x02EA	0x1506      	BSF        LCD_D6, BitPos(LCD_D6+0)
;__Lib_Lcd.c,173 :: 		
0x02EB	0x1486      	BSF        LCD_D5, BitPos(LCD_D5+0)
;__Lib_Lcd.c,174 :: 		
0x02EC	0x1406      	BSF        LCD_D4, BitPos(LCD_D4+0)
;__Lib_Lcd.c,175 :: 		
0x02ED	0x1686      	BSF        LCD_EN, BitPos(LCD_EN+0)
;__Lib_Lcd.c,176 :: 		
0x02EE	0x2003      	CALL       _Delay_1us
;__Lib_Lcd.c,177 :: 		
0x02EF	0x1286      	BCF        LCD_EN, BitPos(LCD_EN+0)
;__Lib_Lcd.c,179 :: 		
0x02F0	0x200D      	CALL       _Delay_5500us
;__Lib_Lcd.c,181 :: 		
0x02F1	0x1467      	BSF        __Lib_Lcd_cmd_status, BitPos(__Lib_Lcd_cmd_status+0)
;__Lib_Lcd.c,182 :: 		
L_end_Lcd_Init:
0x02F2	0x0008      	RETURN
; end of _Lcd_Init
_I2C1_Init:
;__Lib_I2C_c34.c,188 :: 		
;__Lib_I2C_c34.c,190 :: 		
0x02F3	0x30FF      	MOVLW      _I2C1_Is_Idle
0x02F4	0x1683      	BSF        STATUS, 5
0x02F5	0x1303      	BCF        STATUS, 6
0x02F6	0x00A0      	MOVWF      _I2C_Is_Idle_Ptr
0x02F7	0x30FF      	MOVLW      hi_addr(_I2C1_Is_Idle)
0x02F8	0x00A1      	MOVWF      _I2C_Is_Idle_Ptr+1
0x02F9	0x3000      	MOVLW      0
0x02FA	0x00A2      	MOVWF      _I2C_Is_Idle_Ptr+2
0x02FB	0x3000      	MOVLW      0
;__Lib_I2C_c34.c,191 :: 		
0x02FC	0x30FF      	MOVLW      _I2C1_Start
0x02FD	0x1283      	BCF        STATUS, 5
0x02FE	0x00E4      	MOVWF      _I2C_Start_Ptr
0x02FF	0x30FF      	MOVLW      hi_addr(_I2C1_Start)
0x0300	0x00E5      	MOVWF      _I2C_Start_Ptr+1
0x0301	0x3000      	MOVLW      0
0x0302	0x00E6      	MOVWF      _I2C_Start_Ptr+2
0x0303	0x3000      	MOVLW      0
;__Lib_I2C_c34.c,192 :: 		
0x0304	0x30FF      	MOVLW      _I2C1_Repeated_Start
0x0305	0x00E1      	MOVWF      _I2C_Restart_Ptr
0x0306	0x30FF      	MOVLW      hi_addr(_I2C1_Repeated_Start)
0x0307	0x00E2      	MOVWF      _I2C_Restart_Ptr+1
0x0308	0x3000      	MOVLW      0
0x0309	0x00E3      	MOVWF      _I2C_Restart_Ptr+2
0x030A	0x3000      	MOVLW      0
;__Lib_I2C_c34.c,193 :: 		
0x030B	0x30FF      	MOVLW      _I2C1_Rd
0x030C	0x00DE      	MOVWF      _I2C_Read_Ptr
0x030D	0x30FF      	MOVLW      hi_addr(_I2C1_Rd)
0x030E	0x00DF      	MOVWF      _I2C_Read_Ptr+1
0x030F	0x30FF      	MOVLW      FARG_I2C1_Rd_ack
0x0310	0x00E0      	MOVWF      _I2C_Read_Ptr+2
0x0311	0x30FF      	MOVLW      hi_addr(FARG_I2C1_Rd_ack)
;__Lib_I2C_c34.c,194 :: 		
0x0312	0x30FF      	MOVLW      _I2C1_Wr
0x0313	0x00EB      	MOVWF      _I2C_Write_Ptr
0x0314	0x30FF      	MOVLW      hi_addr(_I2C1_Wr)
0x0315	0x00EC      	MOVWF      _I2C_Write_Ptr+1
0x0316	0x30FF      	MOVLW      FARG_I2C1_Wr_data_
0x0317	0x00ED      	MOVWF      _I2C_Write_Ptr+2
0x0318	0x30FF      	MOVLW      hi_addr(FARG_I2C1_Wr_data_)
;__Lib_I2C_c34.c,195 :: 		
0x0319	0x30FF      	MOVLW      _I2C1_Stop
0x031A	0x00E8      	MOVWF      _I2C_Stop_Ptr
0x031B	0x30FF      	MOVLW      hi_addr(_I2C1_Stop)
0x031C	0x00E9      	MOVWF      _I2C_Stop_Ptr+1
0x031D	0x3000      	MOVLW      0
0x031E	0x00EA      	MOVWF      _I2C_Stop_Ptr+2
0x031F	0x3000      	MOVLW      0
;__Lib_I2C_c34.c,197 :: 		
0x0320	0x1683      	BSF        STATUS, 5
0x0321	0x1314      	BCF        SSPSTAT, 6
;__Lib_I2C_c34.c,198 :: 		
0x0322	0x1394      	BCF        SSPSTAT, 7
;__Lib_I2C_c34.c,199 :: 		
0x0323	0x1607      	BSF        TRISC4_bit, BitPos(TRISC4_bit+0)
;__Lib_I2C_c34.c,200 :: 		
0x0324	0x1587      	BSF        TRISC3_bit, BitPos(TRISC3_bit+0)
;__Lib_I2C_c34.c,201 :: 		
0x0325	0x3038      	MOVLW      56
0x0326	0x1283      	BCF        STATUS, 5
0x0327	0x0094      	MOVWF      SSPCON
;__Lib_I2C_c34.c,202 :: 		
L_end_I2C1_Init:
0x0328	0x0008      	RETURN
; end of _I2C1_Init
___CC2DW:
;__Lib_System.c,134 :: 		
;__Lib_System.c,137 :: 		
_CC2D_Loop1:
;__Lib_System.c,139 :: 		
0x0329	0x20DC      	CALL       _____DoICP
0x032A	0x118A      	BCF        PCLATH, 3
0x032B	0x120A      	BCF        PCLATH, 4
;__Lib_System.c,141 :: 		
0x032C	0x0080      	MOVWF      INDF
;__Lib_System.c,142 :: 		
0x032D	0x0A84      	INCF       FSR, 1
;__Lib_System.c,143 :: 		
0x032E	0x0AC8      	INCF       ___DoICPAddr, 1
;__Lib_System.c,145 :: 		
0x032F	0x1903      	BTFSC      STATUS, 2
;__Lib_System.c,146 :: 		
0x0330	0x0AC9      	INCF       ___DoICPAddr+1, 1
;__Lib_System.c,147 :: 		
0x0331	0x03F0      	DECF       R0, 1
;__Lib_System.c,149 :: 		
0x0332	0x1D03      	BTFSS      STATUS, 2
;__Lib_System.c,150 :: 		
0x0333	0x2B29      	GOTO       _CC2D_Loop1
;__Lib_System.c,152 :: 		
L_end___CC2DW:
0x0334	0x0008      	RETURN
; end of ___CC2DW
_editAlarm:
;Ilac.c,64 :: 		void editAlarm(int num){
;Ilac.c,65 :: 		if (edit) {
0x0335	0x1283      	BCF        STATUS, 5
0x0336	0x1303      	BCF        STATUS, 6
0x0337	0x0820      	MOVF       _edit, 0
0x0338	0x1903      	BTFSC      STATUS, 2
0x0339	0x2C05      	GOTO       L_editAlarm2
;Ilac.c,66 :: 		switch (cursor) {
0x033A	0x2BEA      	GOTO       L_editAlarm3
;Ilac.c,67 :: 		case 0:
L_editAlarm5:
;Ilac.c,68 :: 		if (num > 2) {
0x033B	0x3080      	MOVLW      128
0x033C	0x00F0      	MOVWF      R0
0x033D	0x3080      	MOVLW      128
0x033E	0x066F      	XORWF      FARG_editAlarm_num+1, 0
0x033F	0x0270      	SUBWF      R0, 0
0x0340	0x1D03      	BTFSS      STATUS, 2
0x0341	0x2B44      	GOTO       L__editAlarm50
0x0342	0x086E      	MOVF       FARG_editAlarm_num, 0
0x0343	0x3C02      	SUBLW      2
L__editAlarm50:
0x0344	0x1803      	BTFSC      STATUS, 0
0x0345	0x2B48      	GOTO       L_editAlarm6
;Ilac.c,69 :: 		num = 0;
0x0346	0x01EE      	CLRF       FARG_editAlarm_num
0x0347	0x01EF      	CLRF       FARG_editAlarm_num+1
;Ilac.c,70 :: 		}
L_editAlarm6:
;Ilac.c,71 :: 		alarms[page].hour = num;
0x0348	0x0821      	MOVF       _page, 0
0x0349	0x00F0      	MOVWF      R0
0x034A	0x0DF0      	RLF        R0, 1
0x034B	0x1070      	BCF        R0, 0
0x034C	0x0DF0      	RLF        R0, 1
0x034D	0x1070      	BCF        R0, 0
0x034E	0x304A      	MOVLW      _alarms
0x034F	0x07F0      	ADDWF      R0, 1
0x0350	0x0A70      	INCF       R0, 0
0x0351	0x0084      	MOVWF      FSR
0x0352	0x086E      	MOVF       FARG_editAlarm_num, 0
0x0353	0x0080      	MOVWF      INDF
;Ilac.c,72 :: 		Lcd_Chr(2,9,num+48);
0x0354	0x3002      	MOVLW      2
0x0355	0x1683      	BSF        STATUS, 5
0x0356	0x00B1      	MOVWF      FARG_Lcd_Chr_row
0x0357	0x3009      	MOVLW      9
0x0358	0x00B2      	MOVWF      FARG_Lcd_Chr_column
0x0359	0x3030      	MOVLW      48
0x035A	0x1283      	BCF        STATUS, 5
0x035B	0x076E      	ADDWF      FARG_editAlarm_num, 0
0x035C	0x1683      	BSF        STATUS, 5
0x035D	0x00B3      	MOVWF      FARG_Lcd_Chr_out_char
0x035E	0x207A      	CALL       _Lcd_Chr
;Ilac.c,73 :: 		break;
0x035F	0x2BFA      	GOTO       L_editAlarm4
;Ilac.c,74 :: 		case 1:
L_editAlarm7:
;Ilac.c,75 :: 		if (alarms[page].hour == 2 && num > 3) {
0x0360	0x0821      	MOVF       _page, 0
0x0361	0x00F0      	MOVWF      R0
0x0362	0x0DF0      	RLF        R0, 1
0x0363	0x1070      	BCF        R0, 0
0x0364	0x0DF0      	RLF        R0, 1
0x0365	0x1070      	BCF        R0, 0
0x0366	0x304A      	MOVLW      _alarms
0x0367	0x07F0      	ADDWF      R0, 1
0x0368	0x0A70      	INCF       R0, 0
0x0369	0x0084      	MOVWF      FSR
0x036A	0x0800      	MOVF       INDF, 0
0x036B	0x3A02      	XORLW      2
0x036C	0x1D03      	BTFSS      STATUS, 2
0x036D	0x2B7B      	GOTO       L_editAlarm10
0x036E	0x3080      	MOVLW      128
0x036F	0x00F0      	MOVWF      R0
0x0370	0x3080      	MOVLW      128
0x0371	0x066F      	XORWF      FARG_editAlarm_num+1, 0
0x0372	0x0270      	SUBWF      R0, 0
0x0373	0x1D03      	BTFSS      STATUS, 2
0x0374	0x2B77      	GOTO       L__editAlarm51
0x0375	0x086E      	MOVF       FARG_editAlarm_num, 0
0x0376	0x3C03      	SUBLW      3
L__editAlarm51:
0x0377	0x1803      	BTFSC      STATUS, 0
0x0378	0x2B7B      	GOTO       L_editAlarm10
L__editAlarm45:
;Ilac.c,76 :: 		num = 0;
0x0379	0x01EE      	CLRF       FARG_editAlarm_num
0x037A	0x01EF      	CLRF       FARG_editAlarm_num+1
;Ilac.c,77 :: 		}
L_editAlarm10:
;Ilac.c,78 :: 		alarms[page].hour = alarms[page].hour*10 + num;
0x037B	0x0821      	MOVF       _page, 0
0x037C	0x00F0      	MOVWF      R0
0x037D	0x0DF0      	RLF        R0, 1
0x037E	0x1070      	BCF        R0, 0
0x037F	0x0DF0      	RLF        R0, 1
0x0380	0x1070      	BCF        R0, 0
0x0381	0x304A      	MOVLW      _alarms
0x0382	0x07F0      	ADDWF      R0, 1
0x0383	0x0A70      	INCF       R0, 0
0x0384	0x1683      	BSF        STATUS, 5
0x0385	0x00A3      	MOVWF      FLOC__editAlarm
0x0386	0x0823      	MOVF       FLOC__editAlarm, 0
0x0387	0x0084      	MOVWF      FSR
0x0388	0x0800      	MOVF       INDF, 0
0x0389	0x00F0      	MOVWF      R0
0x038A	0x300A      	MOVLW      10
0x038B	0x00F4      	MOVWF      R4
0x038C	0x20B2      	CALL       _Mul_8X8_U
0x038D	0x086E      	MOVF       FARG_editAlarm_num, 0
0x038E	0x07F0      	ADDWF      R0, 1
0x038F	0x1683      	BSF        STATUS, 5
0x0390	0x0823      	MOVF       FLOC__editAlarm, 0
0x0391	0x0084      	MOVWF      FSR
0x0392	0x0870      	MOVF       R0, 0
0x0393	0x0080      	MOVWF      INDF
;Ilac.c,79 :: 		Lcd_Chr(2,10,num+48);
0x0394	0x3002      	MOVLW      2
0x0395	0x00B1      	MOVWF      FARG_Lcd_Chr_row
0x0396	0x300A      	MOVLW      10
0x0397	0x00B2      	MOVWF      FARG_Lcd_Chr_column
0x0398	0x3030      	MOVLW      48
0x0399	0x1283      	BCF        STATUS, 5
0x039A	0x076E      	ADDWF      FARG_editAlarm_num, 0
0x039B	0x1683      	BSF        STATUS, 5
0x039C	0x00B3      	MOVWF      FARG_Lcd_Chr_out_char
0x039D	0x207A      	CALL       _Lcd_Chr
;Ilac.c,80 :: 		LCD_CMD(_LCD_MOVE_CURSOR_RIGHT);
0x039E	0x3014      	MOVLW      20
0x039F	0x1683      	BSF        STATUS, 5
0x03A0	0x00B7      	MOVWF      FARG_Lcd_Cmd_out_char
0x03A1	0x201A      	CALL       _Lcd_Cmd
;Ilac.c,81 :: 		break;
0x03A2	0x2BFA      	GOTO       L_editAlarm4
;Ilac.c,82 :: 		case 2:
L_editAlarm11:
;Ilac.c,83 :: 		if (num > 5) {
0x03A3	0x3080      	MOVLW      128
0x03A4	0x00F0      	MOVWF      R0
0x03A5	0x3080      	MOVLW      128
0x03A6	0x066F      	XORWF      FARG_editAlarm_num+1, 0
0x03A7	0x0270      	SUBWF      R0, 0
0x03A8	0x1D03      	BTFSS      STATUS, 2
0x03A9	0x2BAC      	GOTO       L__editAlarm52
0x03AA	0x086E      	MOVF       FARG_editAlarm_num, 0
0x03AB	0x3C05      	SUBLW      5
L__editAlarm52:
0x03AC	0x1803      	BTFSC      STATUS, 0
0x03AD	0x2BB0      	GOTO       L_editAlarm12
;Ilac.c,84 :: 		num = 0;
0x03AE	0x01EE      	CLRF       FARG_editAlarm_num
0x03AF	0x01EF      	CLRF       FARG_editAlarm_num+1
;Ilac.c,85 :: 		}
L_editAlarm12:
;Ilac.c,86 :: 		alarms[page].minute = num;
0x03B0	0x0821      	MOVF       _page, 0
0x03B1	0x00F0      	MOVWF      R0
0x03B2	0x0DF0      	RLF        R0, 1
0x03B3	0x1070      	BCF        R0, 0
0x03B4	0x0DF0      	RLF        R0, 1
0x03B5	0x1070      	BCF        R0, 0
0x03B6	0x0870      	MOVF       R0, 0
0x03B7	0x3E4A      	ADDLW      _alarms
0x03B8	0x0084      	MOVWF      FSR
0x03B9	0x086E      	MOVF       FARG_editAlarm_num, 0
0x03BA	0x0080      	MOVWF      INDF
;Ilac.c,87 :: 		Lcd_Chr(2,12,num+48);
0x03BB	0x3002      	MOVLW      2
0x03BC	0x1683      	BSF        STATUS, 5
0x03BD	0x00B1      	MOVWF      FARG_Lcd_Chr_row
0x03BE	0x300C      	MOVLW      12
0x03BF	0x00B2      	MOVWF      FARG_Lcd_Chr_column
0x03C0	0x3030      	MOVLW      48
0x03C1	0x1283      	BCF        STATUS, 5
0x03C2	0x076E      	ADDWF      FARG_editAlarm_num, 0
0x03C3	0x1683      	BSF        STATUS, 5
0x03C4	0x00B3      	MOVWF      FARG_Lcd_Chr_out_char
0x03C5	0x207A      	CALL       _Lcd_Chr
;Ilac.c,88 :: 		break;
0x03C6	0x2BFA      	GOTO       L_editAlarm4
;Ilac.c,89 :: 		case 3:
L_editAlarm13:
;Ilac.c,90 :: 		alarms[page].minute = alarms[page].minute*10 + num;
0x03C7	0x0821      	MOVF       _page, 0
0x03C8	0x00F0      	MOVWF      R0
0x03C9	0x0DF0      	RLF        R0, 1
0x03CA	0x1070      	BCF        R0, 0
0x03CB	0x0DF0      	RLF        R0, 1
0x03CC	0x1070      	BCF        R0, 0
0x03CD	0x0870      	MOVF       R0, 0
0x03CE	0x3E4A      	ADDLW      _alarms
0x03CF	0x1683      	BSF        STATUS, 5
0x03D0	0x00A3      	MOVWF      FLOC__editAlarm
0x03D1	0x0823      	MOVF       FLOC__editAlarm, 0
0x03D2	0x0084      	MOVWF      FSR
0x03D3	0x0800      	MOVF       INDF, 0
0x03D4	0x00F0      	MOVWF      R0
0x03D5	0x300A      	MOVLW      10
0x03D6	0x00F4      	MOVWF      R4
0x03D7	0x20B2      	CALL       _Mul_8X8_U
0x03D8	0x086E      	MOVF       FARG_editAlarm_num, 0
0x03D9	0x07F0      	ADDWF      R0, 1
0x03DA	0x1683      	BSF        STATUS, 5
0x03DB	0x0823      	MOVF       FLOC__editAlarm, 0
0x03DC	0x0084      	MOVWF      FSR
0x03DD	0x0870      	MOVF       R0, 0
0x03DE	0x0080      	MOVWF      INDF
;Ilac.c,91 :: 		Lcd_Chr(2,13,num+48);
0x03DF	0x3002      	MOVLW      2
0x03E0	0x00B1      	MOVWF      FARG_Lcd_Chr_row
0x03E1	0x300D      	MOVLW      13
0x03E2	0x00B2      	MOVWF      FARG_Lcd_Chr_column
0x03E3	0x3030      	MOVLW      48
0x03E4	0x1283      	BCF        STATUS, 5
0x03E5	0x076E      	ADDWF      FARG_editAlarm_num, 0
0x03E6	0x1683      	BSF        STATUS, 5
0x03E7	0x00B3      	MOVWF      FARG_Lcd_Chr_out_char
0x03E8	0x207A      	CALL       _Lcd_Chr
;Ilac.c,92 :: 		break;
0x03E9	0x2BFA      	GOTO       L_editAlarm4
;Ilac.c,93 :: 		}
L_editAlarm3:
0x03EA	0x0822      	MOVF       _cursor, 0
0x03EB	0x3A00      	XORLW      0
0x03EC	0x1903      	BTFSC      STATUS, 2
0x03ED	0x2B3B      	GOTO       L_editAlarm5
0x03EE	0x0822      	MOVF       _cursor, 0
0x03EF	0x3A01      	XORLW      1
0x03F0	0x1903      	BTFSC      STATUS, 2
0x03F1	0x2B60      	GOTO       L_editAlarm7
0x03F2	0x0822      	MOVF       _cursor, 0
0x03F3	0x3A02      	XORLW      2
0x03F4	0x1903      	BTFSC      STATUS, 2
0x03F5	0x2BA3      	GOTO       L_editAlarm11
0x03F6	0x0822      	MOVF       _cursor, 0
0x03F7	0x3A03      	XORLW      3
0x03F8	0x1903      	BTFSC      STATUS, 2
0x03F9	0x2BC7      	GOTO       L_editAlarm13
L_editAlarm4:
;Ilac.c,94 :: 		cursor++;
0x03FA	0x0AA2      	INCF       _cursor, 1
;Ilac.c,95 :: 		if (cursor == 4) {
0x03FB	0x0822      	MOVF       _cursor, 0
0x03FC	0x3A04      	XORLW      4
0x03FD	0x1D03      	BTFSS      STATUS, 2
0x03FE	0x2C05      	GOTO       L_editAlarm14
;Ilac.c,96 :: 		cursor = 0;
0x03FF	0x01A2      	CLRF       _cursor
;Ilac.c,97 :: 		edit = 0;
0x0400	0x01A0      	CLRF       _edit
;Ilac.c,98 :: 		LCD_CMD(_LCD_CURSOR_OFF);
0x0401	0x300C      	MOVLW      12
0x0402	0x1683      	BSF        STATUS, 5
0x0403	0x00B7      	MOVWF      FARG_Lcd_Cmd_out_char
0x0404	0x201A      	CALL       _Lcd_Cmd
;Ilac.c,99 :: 		}
L_editAlarm14:
;Ilac.c,100 :: 		}
L_editAlarm2:
;Ilac.c,101 :: 		}
L_end_editAlarm:
0x0405	0x0008      	RETURN
; end of _editAlarm
_main:
0x0406	0x2548      	CALL       1352
;Ilac.c,117 :: 		void main() {
;Ilac.c,118 :: 		key = 0;
0x0407	0x1283      	BCF        STATUS, 5
0x0408	0x1303      	BCF        STATUS, 6
0x0409	0x01BB      	CLRF       _key
;Ilac.c,119 :: 		I2C1_Init(100000);
0x040A	0x3014      	MOVLW      20
0x040B	0x1683      	BSF        STATUS, 5
0x040C	0x0093      	MOVWF      SSPADD
0x040D	0x22F3      	CALL       _I2C1_Init
;Ilac.c,120 :: 		Lcd_Init();
0x040E	0x22A5      	CALL       _Lcd_Init
;Ilac.c,121 :: 		Keypad_Init();
0x040F	0x229B      	CALL       _Keypad_Init
;Ilac.c,122 :: 		Lcd_Cmd(_LCD_CLEAR);
0x0410	0x3001      	MOVLW      1
0x0411	0x1683      	BSF        STATUS, 5
0x0412	0x00B7      	MOVWF      FARG_Lcd_Cmd_out_char
0x0413	0x201A      	CALL       _Lcd_Cmd
;Ilac.c,123 :: 		Lcd_Cmd(_LCD_CURSOR_OFF);
0x0414	0x300C      	MOVLW      12
0x0415	0x1683      	BSF        STATUS, 5
0x0416	0x00B7      	MOVWF      FARG_Lcd_Cmd_out_char
0x0417	0x201A      	CALL       _Lcd_Cmd
;Ilac.c,124 :: 		Lcd_Out(1,1,"Time:   :  :  ");
0x0418	0x3001      	MOVLW      1
0x0419	0x1683      	BSF        STATUS, 5
0x041A	0x00B1      	MOVWF      FARG_Lcd_Out_row
0x041B	0x3001      	MOVLW      1
0x041C	0x00B2      	MOVWF      FARG_Lcd_Out_column
0x041D	0x302C      	MOVLW      ?lstr3_Ilac
0x041E	0x00B3      	MOVWF      FARG_Lcd_Out_text
0x041F	0x20E3      	CALL       _Lcd_Out
;Ilac.c,125 :: 		pageView();
0x0420	0x2209      	CALL       _pageView
;Ilac.c,128 :: 		while(1){
L_main15:
;Ilac.c,129 :: 		key = 0;
0x0421	0x01BB      	CLRF       _key
;Ilac.c,130 :: 		do {
L_main17:
;Ilac.c,131 :: 		key = Keypad_Key_Click();
0x0422	0x21FB      	CALL       _Keypad_Key_Click
0x0423	0x0870      	MOVF       R0, 0
0x0424	0x00BB      	MOVWF      _key
;Ilac.c,132 :: 		} while (!key);
0x0425	0x0870      	MOVF       R0, 0
0x0426	0x1903      	BTFSC      STATUS, 2
0x0427	0x2C22      	GOTO       L_main17
;Ilac.c,133 :: 		switch (key){
0x0428	0x2CDC      	GOTO       L_main20
;Ilac.c,151 :: 		case 1:
L_main22:
;Ilac.c,152 :: 		editAlarm(7);
0x0429	0x3007      	MOVLW      7
0x042A	0x00EE      	MOVWF      FARG_editAlarm_num
0x042B	0x3000      	MOVLW      0
0x042C	0x00EF      	MOVWF      FARG_editAlarm_num+1
0x042D	0x2335      	CALL       _editAlarm
;Ilac.c,153 :: 		break;
0x042E	0x2D18      	GOTO       L_main21
;Ilac.c,155 :: 		case 2:
L_main23:
;Ilac.c,156 :: 		editAlarm(4);
0x042F	0x3004      	MOVLW      4
0x0430	0x00EE      	MOVWF      FARG_editAlarm_num
0x0431	0x3000      	MOVLW      0
0x0432	0x00EF      	MOVWF      FARG_editAlarm_num+1
0x0433	0x2335      	CALL       _editAlarm
;Ilac.c,157 :: 		break;
0x0434	0x2D18      	GOTO       L_main21
;Ilac.c,159 :: 		case 3:
L_main24:
;Ilac.c,160 :: 		editAlarm(1);
0x0435	0x3001      	MOVLW      1
0x0436	0x00EE      	MOVWF      FARG_editAlarm_num
0x0437	0x3000      	MOVLW      0
0x0438	0x00EF      	MOVWF      FARG_editAlarm_num+1
0x0439	0x2335      	CALL       _editAlarm
;Ilac.c,161 :: 		break;
0x043A	0x2D18      	GOTO       L_main21
;Ilac.c,163 :: 		case 5:
L_main25:
;Ilac.c,164 :: 		editAlarm(8);
0x043B	0x3008      	MOVLW      8
0x043C	0x00EE      	MOVWF      FARG_editAlarm_num
0x043D	0x3000      	MOVLW      0
0x043E	0x00EF      	MOVWF      FARG_editAlarm_num+1
0x043F	0x2335      	CALL       _editAlarm
;Ilac.c,165 :: 		break;
0x0440	0x2D18      	GOTO       L_main21
;Ilac.c,166 :: 		case 6:
L_main26:
;Ilac.c,167 :: 		editAlarm(5);
0x0441	0x3005      	MOVLW      5
0x0442	0x00EE      	MOVWF      FARG_editAlarm_num
0x0443	0x3000      	MOVLW      0
0x0444	0x00EF      	MOVWF      FARG_editAlarm_num+1
0x0445	0x2335      	CALL       _editAlarm
;Ilac.c,168 :: 		break;
0x0446	0x2D18      	GOTO       L_main21
;Ilac.c,170 :: 		case 7:
L_main27:
;Ilac.c,171 :: 		editAlarm(2);
0x0447	0x3002      	MOVLW      2
0x0448	0x00EE      	MOVWF      FARG_editAlarm_num
0x0449	0x3000      	MOVLW      0
0x044A	0x00EF      	MOVWF      FARG_editAlarm_num+1
0x044B	0x2335      	CALL       _editAlarm
;Ilac.c,172 :: 		break;
0x044C	0x2D18      	GOTO       L_main21
;Ilac.c,174 :: 		case 8:
L_main28:
;Ilac.c,175 :: 		editAlarm(0);
0x044D	0x01EE      	CLRF       FARG_editAlarm_num
0x044E	0x01EF      	CLRF       FARG_editAlarm_num+1
0x044F	0x2335      	CALL       _editAlarm
;Ilac.c,176 :: 		break;
0x0450	0x2D18      	GOTO       L_main21
;Ilac.c,178 :: 		case 9:
L_main29:
;Ilac.c,179 :: 		editAlarm(9);
0x0451	0x3009      	MOVLW      9
0x0452	0x00EE      	MOVWF      FARG_editAlarm_num
0x0453	0x3000      	MOVLW      0
0x0454	0x00EF      	MOVWF      FARG_editAlarm_num+1
0x0455	0x2335      	CALL       _editAlarm
;Ilac.c,180 :: 		break;
0x0456	0x2D18      	GOTO       L_main21
;Ilac.c,182 :: 		case 10:
L_main30:
;Ilac.c,183 :: 		editAlarm(6);
0x0457	0x3006      	MOVLW      6
0x0458	0x00EE      	MOVWF      FARG_editAlarm_num
0x0459	0x3000      	MOVLW      0
0x045A	0x00EF      	MOVWF      FARG_editAlarm_num+1
0x045B	0x2335      	CALL       _editAlarm
;Ilac.c,184 :: 		break;
0x045C	0x2D18      	GOTO       L_main21
;Ilac.c,186 :: 		case 11:
L_main31:
;Ilac.c,187 :: 		editAlarm(3);
0x045D	0x3003      	MOVLW      3
0x045E	0x00EE      	MOVWF      FARG_editAlarm_num
0x045F	0x3000      	MOVLW      0
0x0460	0x00EF      	MOVWF      FARG_editAlarm_num+1
0x0461	0x2335      	CALL       _editAlarm
;Ilac.c,188 :: 		break;
0x0462	0x2D18      	GOTO       L_main21
;Ilac.c,191 :: 		case 4:
L_main32:
;Ilac.c,192 :: 		if (!edit){
0x0463	0x0820      	MOVF       _edit, 0
0x0464	0x1D03      	BTFSS      STATUS, 2
0x0465	0x2C9E      	GOTO       L_main33
;Ilac.c,193 :: 		if (alarms[page].active == 1) {
0x0466	0x0821      	MOVF       _page, 0
0x0467	0x00F0      	MOVWF      R0
0x0468	0x0DF0      	RLF        R0, 1
0x0469	0x1070      	BCF        R0, 0
0x046A	0x0DF0      	RLF        R0, 1
0x046B	0x1070      	BCF        R0, 0
0x046C	0x304A      	MOVLW      _alarms
0x046D	0x07F0      	ADDWF      R0, 1
0x046E	0x3002      	MOVLW      2
0x046F	0x0770      	ADDWF      R0, 0
0x0470	0x0084      	MOVWF      FSR
0x0471	0x0800      	MOVF       INDF, 0
0x0472	0x00F1      	MOVWF      R1
0x0473	0x0A84      	INCF       FSR, 1
0x0474	0x0800      	MOVF       INDF, 0
0x0475	0x00F2      	MOVWF      R1+1
0x0476	0x3000      	MOVLW      0
0x0477	0x0672      	XORWF      R1+1, 0
0x0478	0x1D03      	BTFSS      STATUS, 2
0x0479	0x2C7C      	GOTO       L__main54
0x047A	0x3001      	MOVLW      1
0x047B	0x0671      	XORWF      R1, 0
L__main54:
0x047C	0x1D03      	BTFSS      STATUS, 2
0x047D	0x2C8D      	GOTO       L_main34
;Ilac.c,194 :: 		alarms[page].active = 0;
0x047E	0x0821      	MOVF       _page, 0
0x047F	0x00F0      	MOVWF      R0
0x0480	0x0DF0      	RLF        R0, 1
0x0481	0x1070      	BCF        R0, 0
0x0482	0x0DF0      	RLF        R0, 1
0x0483	0x1070      	BCF        R0, 0
0x0484	0x304A      	MOVLW      _alarms
0x0485	0x07F0      	ADDWF      R0, 1
0x0486	0x3002      	MOVLW      2
0x0487	0x0770      	ADDWF      R0, 0
0x0488	0x0084      	MOVWF      FSR
0x0489	0x0180      	CLRF       INDF
0x048A	0x0A84      	INCF       FSR, 1
0x048B	0x0180      	CLRF       INDF
;Ilac.c,195 :: 		} else {
0x048C	0x2C9D      	GOTO       L_main35
L_main34:
;Ilac.c,196 :: 		alarms[page].active = 1;
0x048D	0x0821      	MOVF       _page, 0
0x048E	0x00F0      	MOVWF      R0
0x048F	0x0DF0      	RLF        R0, 1
0x0490	0x1070      	BCF        R0, 0
0x0491	0x0DF0      	RLF        R0, 1
0x0492	0x1070      	BCF        R0, 0
0x0493	0x304A      	MOVLW      _alarms
0x0494	0x07F0      	ADDWF      R0, 1
0x0495	0x3002      	MOVLW      2
0x0496	0x0770      	ADDWF      R0, 0
0x0497	0x0084      	MOVWF      FSR
0x0498	0x3001      	MOVLW      1
0x0499	0x0080      	MOVWF      INDF
0x049A	0x3000      	MOVLW      0
0x049B	0x0A84      	INCF       FSR, 1
0x049C	0x0080      	MOVWF      INDF
;Ilac.c,197 :: 		}
L_main35:
;Ilac.c,198 :: 		pageView();
0x049D	0x2209      	CALL       _pageView
;Ilac.c,199 :: 		}
L_main33:
;Ilac.c,200 :: 		break;
0x049E	0x2D18      	GOTO       L_main21
;Ilac.c,204 :: 		case 13:
L_main36:
;Ilac.c,205 :: 		if (edit){
0x049F	0x0820      	MOVF       _edit, 0
0x04A0	0x1903      	BTFSC      STATUS, 2
0x04A1	0x2CA9      	GOTO       L_main37
;Ilac.c,206 :: 		edit = 0;
0x04A2	0x01A0      	CLRF       _edit
;Ilac.c,207 :: 		cursor = 0;
0x04A3	0x01A2      	CLRF       _cursor
;Ilac.c,208 :: 		LCD_CMD(_LCD_CURSOR_OFF);
0x04A4	0x300C      	MOVLW      12
0x04A5	0x1683      	BSF        STATUS, 5
0x04A6	0x00B7      	MOVWF      FARG_Lcd_Cmd_out_char
0x04A7	0x201A      	CALL       _Lcd_Cmd
;Ilac.c,209 :: 		}
0x04A8	0x2CB7      	GOTO       L_main38
L_main37:
;Ilac.c,211 :: 		edit = 1;
0x04A9	0x3001      	MOVLW      1
0x04AA	0x00A0      	MOVWF      _edit
;Ilac.c,212 :: 		LCD_CMD(_LCD_BLINK_CURSOR_ON);
0x04AB	0x300F      	MOVLW      15
0x04AC	0x1683      	BSF        STATUS, 5
0x04AD	0x00B7      	MOVWF      FARG_Lcd_Cmd_out_char
0x04AE	0x201A      	CALL       _Lcd_Cmd
;Ilac.c,213 :: 		Lcd_Out(2,8," ");
0x04AF	0x3002      	MOVLW      2
0x04B0	0x1683      	BSF        STATUS, 5
0x04B1	0x00B1      	MOVWF      FARG_Lcd_Out_row
0x04B2	0x3008      	MOVLW      8
0x04B3	0x00B2      	MOVWF      FARG_Lcd_Out_column
0x04B4	0x3046      	MOVLW      ?lstr4_Ilac
0x04B5	0x00B3      	MOVWF      FARG_Lcd_Out_text
0x04B6	0x20E3      	CALL       _Lcd_Out
;Ilac.c,214 :: 		}
L_main38:
;Ilac.c,215 :: 		break;
0x04B7	0x2D18      	GOTO       L_main21
;Ilac.c,219 :: 		case 14:
L_main39:
;Ilac.c,220 :: 		alarm=0;
0x04B8	0x01C5      	CLRF       _alarm
;Ilac.c,221 :: 		break;
0x04B9	0x2D18      	GOTO       L_main21
;Ilac.c,224 :: 		case 15:
L_main40:
;Ilac.c,225 :: 		if (!edit){
0x04BA	0x0820      	MOVF       _edit, 0
0x04BB	0x1D03      	BTFSS      STATUS, 2
0x04BC	0x2CC5      	GOTO       L_main41
;Ilac.c,226 :: 		page--;
0x04BD	0x03A1      	DECF       _page, 1
;Ilac.c,227 :: 		if (page == 255) {
0x04BE	0x0821      	MOVF       _page, 0
0x04BF	0x3AFF      	XORLW      255
0x04C0	0x1D03      	BTFSS      STATUS, 2
0x04C1	0x2CC4      	GOTO       L_main42
;Ilac.c,228 :: 		page = 4;
0x04C2	0x3004      	MOVLW      4
0x04C3	0x00A1      	MOVWF      _page
;Ilac.c,229 :: 		}
L_main42:
;Ilac.c,230 :: 		pageView();
0x04C4	0x2209      	CALL       _pageView
;Ilac.c,231 :: 		}
L_main41:
;Ilac.c,232 :: 		break;
0x04C5	0x2D18      	GOTO       L_main21
;Ilac.c,234 :: 		case 16:
L_main43:
;Ilac.c,235 :: 		if (!edit){
0x04C6	0x0820      	MOVF       _edit, 0
0x04C7	0x1D03      	BTFSS      STATUS, 2
0x04C8	0x2CDB      	GOTO       L_main44
;Ilac.c,236 :: 		page = (page + 1) % 5;
0x04C9	0x0821      	MOVF       _page, 0
0x04CA	0x3E01      	ADDLW      1
0x04CB	0x00F0      	MOVWF      R0
0x04CC	0x01F1      	CLRF       R0+1
0x04CD	0x1803      	BTFSC      STATUS, 0
0x04CE	0x0AF1      	INCF       R0+1, 1
0x04CF	0x3005      	MOVLW      5
0x04D0	0x00F4      	MOVWF      R4
0x04D1	0x3000      	MOVLW      0
0x04D2	0x00F5      	MOVWF      R4+1
0x04D3	0x2192      	CALL       _Div_16x16_S
0x04D4	0x0878      	MOVF       R8, 0
0x04D5	0x00F0      	MOVWF      R0
0x04D6	0x0879      	MOVF       R8+1, 0
0x04D7	0x00F1      	MOVWF      R0+1
0x04D8	0x0870      	MOVF       R0, 0
0x04D9	0x00A1      	MOVWF      _page
;Ilac.c,237 :: 		pageView();
0x04DA	0x2209      	CALL       _pageView
;Ilac.c,238 :: 		}
L_main44:
;Ilac.c,239 :: 		break;
0x04DB	0x2D18      	GOTO       L_main21
;Ilac.c,240 :: 		}
L_main20:
0x04DC	0x083B      	MOVF       _key, 0
0x04DD	0x3A01      	XORLW      1
0x04DE	0x1903      	BTFSC      STATUS, 2
0x04DF	0x2C29      	GOTO       L_main22
0x04E0	0x083B      	MOVF       _key, 0
0x04E1	0x3A02      	XORLW      2
0x04E2	0x1903      	BTFSC      STATUS, 2
0x04E3	0x2C2F      	GOTO       L_main23
0x04E4	0x083B      	MOVF       _key, 0
0x04E5	0x3A03      	XORLW      3
0x04E6	0x1903      	BTFSC      STATUS, 2
0x04E7	0x2C35      	GOTO       L_main24
0x04E8	0x083B      	MOVF       _key, 0
0x04E9	0x3A05      	XORLW      5
0x04EA	0x1903      	BTFSC      STATUS, 2
0x04EB	0x2C3B      	GOTO       L_main25
0x04EC	0x083B      	MOVF       _key, 0
0x04ED	0x3A06      	XORLW      6
0x04EE	0x1903      	BTFSC      STATUS, 2
0x04EF	0x2C41      	GOTO       L_main26
0x04F0	0x083B      	MOVF       _key, 0
0x04F1	0x3A07      	XORLW      7
0x04F2	0x1903      	BTFSC      STATUS, 2
0x04F3	0x2C47      	GOTO       L_main27
0x04F4	0x083B      	MOVF       _key, 0
0x04F5	0x3A08      	XORLW      8
0x04F6	0x1903      	BTFSC      STATUS, 2
0x04F7	0x2C4D      	GOTO       L_main28
0x04F8	0x083B      	MOVF       _key, 0
0x04F9	0x3A09      	XORLW      9
0x04FA	0x1903      	BTFSC      STATUS, 2
0x04FB	0x2C51      	GOTO       L_main29
0x04FC	0x083B      	MOVF       _key, 0
0x04FD	0x3A0A      	XORLW      10
0x04FE	0x1903      	BTFSC      STATUS, 2
0x04FF	0x2C57      	GOTO       L_main30
0x0500	0x083B      	MOVF       _key, 0
0x0501	0x3A0B      	XORLW      11
0x0502	0x1903      	BTFSC      STATUS, 2
0x0503	0x2C5D      	GOTO       L_main31
0x0504	0x083B      	MOVF       _key, 0
0x0505	0x3A04      	XORLW      4
0x0506	0x1903      	BTFSC      STATUS, 2
0x0507	0x2C63      	GOTO       L_main32
0x0508	0x083B      	MOVF       _key, 0
0x0509	0x3A0D      	XORLW      13
0x050A	0x1903      	BTFSC      STATUS, 2
0x050B	0x2C9F      	GOTO       L_main36
0x050C	0x083B      	MOVF       _key, 0
0x050D	0x3A0E      	XORLW      14
0x050E	0x1903      	BTFSC      STATUS, 2
0x050F	0x2CB8      	GOTO       L_main39
0x0510	0x083B      	MOVF       _key, 0
0x0511	0x3A0F      	XORLW      15
0x0512	0x1903      	BTFSC      STATUS, 2
0x0513	0x2CBA      	GOTO       L_main40
0x0514	0x083B      	MOVF       _key, 0
0x0515	0x3A10      	XORLW      16
0x0516	0x1903      	BTFSC      STATUS, 2
0x0517	0x2CC6      	GOTO       L_main43
L_main21:
;Ilac.c,241 :: 		}
0x0518	0x2C21      	GOTO       L_main15
;Ilac.c,242 :: 		}
L_end_main:
0x0519	0x2D19      	GOTO       $+0
; end of _main
0x0548	0x3020      	MOVLW      32
0x0549	0x0084      	MOVWF      FSR
0x054A	0x3028      	MOVLW      40
0x054B	0x1283      	BCF        STATUS, 5
0x054C	0x1303      	BCF        STATUS, 6
0x054D	0x00F0      	MOVWF      R0
0x054E	0x301F      	MOVLW      31
0x054F	0x00C8      	MOVWF      ___DoICPAddr
0x0550	0x3005      	MOVLW      5
0x0551	0x00C9      	MOVWF      73
0x0552	0x2329      	CALL       809
0x0553	0x0008      	RETURN
;Ilac.c,0 :: ?ICS_edit
0x051F	0x3400 ;?ICS_edit+0
; end of ?ICS_edit
;Ilac.c,0 :: ?ICS_page
0x0520	0x3400 ;?ICS_page+0
; end of ?ICS_page
;Ilac.c,0 :: ?ICS_cursor
0x0521	0x3400 ;?ICS_cursor+0
; end of ?ICS_cursor
;Ilac.c,0 :: ?ICS?lstr1_Ilac
0x0522	0x3420 ;?ICS?lstr1_Ilac+0
0x0523	0x3441 ;?ICS?lstr1_Ilac+1
0x0524	0x3463 ;?ICS?lstr1_Ilac+2
0x0525	0x3474 ;?ICS?lstr1_Ilac+3
0x0526	0x3469 ;?ICS?lstr1_Ilac+4
0x0527	0x3476 ;?ICS?lstr1_Ilac+5
0x0528	0x3465 ;?ICS?lstr1_Ilac+6
0x0529	0x3420 ;?ICS?lstr1_Ilac+7
0x052A	0x3400 ;?ICS?lstr1_Ilac+8
; end of ?ICS?lstr1_Ilac
;Ilac.c,0 :: ?ICS?lstr3_Ilac
0x052B	0x3454 ;?ICS?lstr3_Ilac+0
0x052C	0x3469 ;?ICS?lstr3_Ilac+1
0x052D	0x346D ;?ICS?lstr3_Ilac+2
0x052E	0x3465 ;?ICS?lstr3_Ilac+3
0x052F	0x343A ;?ICS?lstr3_Ilac+4
0x0530	0x3420 ;?ICS?lstr3_Ilac+5
0x0531	0x3420 ;?ICS?lstr3_Ilac+6
0x0532	0x3420 ;?ICS?lstr3_Ilac+7
0x0533	0x343A ;?ICS?lstr3_Ilac+8
0x0534	0x3420 ;?ICS?lstr3_Ilac+9
0x0535	0x3420 ;?ICS?lstr3_Ilac+10
0x0536	0x343A ;?ICS?lstr3_Ilac+11
0x0537	0x3420 ;?ICS?lstr3_Ilac+12
0x0538	0x3420 ;?ICS?lstr3_Ilac+13
0x0539	0x3400 ;?ICS?lstr3_Ilac+14
; end of ?ICS?lstr3_Ilac
;Ilac.c,0 :: ?ICS_key
0x053A	0x3400 ;?ICS_key+0
; end of ?ICS_key
;Ilac.c,0 :: ?ICS?lstr2_Ilac
0x053B	0x3449 ;?ICS?lstr2_Ilac+0
0x053C	0x346E ;?ICS?lstr2_Ilac+1
0x053D	0x3461 ;?ICS?lstr2_Ilac+2
0x053E	0x3463 ;?ICS?lstr2_Ilac+3
0x053F	0x3474 ;?ICS?lstr2_Ilac+4
0x0540	0x3469 ;?ICS?lstr2_Ilac+5
0x0541	0x3476 ;?ICS?lstr2_Ilac+6
0x0542	0x3465 ;?ICS?lstr2_Ilac+7
0x0543	0x3400 ;?ICS?lstr2_Ilac+8
; end of ?ICS?lstr2_Ilac
;Ilac.c,0 :: ?ICS_alarm
0x0544	0x3400 ;?ICS_alarm+0
; end of ?ICS_alarm
;Ilac.c,0 :: ?ICS?lstr4_Ilac
0x0545	0x3420 ;?ICS?lstr4_Ilac+0
0x0546	0x3400 ;?ICS?lstr4_Ilac+1
; end of ?ICS?lstr4_Ilac
Symbol List:
//** Routines locations **
//ADDRESS    SIZE    PROCEDURE
//----------------------------------------------
0x0003       [3]    _Delay_1us
0x0006       [7]    _Delay_50us
0x000D      [13]    _Delay_5500us
0x001A      [87]    _Lcd_Cmd
0x0071       [9]    _Lcd_Chr_CP
0x007A      [56]    _Lcd_Chr
0x00B2      [25]    _Mul_8X8_U
0x00CB      [17]    _Div_8X8_U
0x00DC       [7]    _____DoICP
0x00E3      [67]    _Lcd_Out
0x0126       [8]    _Delay_10us
0x012E      [56]    _Keypad_Key_Press
0x0166      [44]    _Div_16x16_S_L
0x0192     [105]    _Div_16x16_S
0x01FB      [14]    _Keypad_Key_Click
0x0209     [146]    _pageView
0x029B      [10]    _Keypad_Init
0x02A5      [78]    _Lcd_Init
0x02F3      [54]    _I2C1_Init
0x0329      [12]    ___CC2DW
0x0335     [209]    _editAlarm
0x0406     [275]    _main
//** Variables locations ** 
//ADDRESS    SIZE    VARIABLE
//----------------------------------------------
0x0000       [1]    INDF
0x0002       [1]    PCL
0x0003       [1]    STATUS
0x0004       [1]    FSR
0x0006       [0]    RB4_bit
0x0006       [0]    LCD_EN
0x0006       [0]    LCD_D4
0x0006       [0]    RB5_bit
0x0006       [0]    LCD_RS
0x0006       [0]    RB2_bit
0x0006       [0]    LCD_D7
0x0006       [0]    RB1_bit
0x0006       [0]    RB0_bit
0x0006       [0]    RB3_bit
0x0006       [0]    LCD_D5
0x0006       [0]    LCD_D6
0x0008       [1]    keypadPort
0x0008       [1]    PORTD
0x000A       [1]    PCLATH
0x0014       [1]    SSPCON
0x0020       [1]    _edit
0x0021       [1]    _page
0x0022       [1]    _cursor
0x0023       [9]    ?lstr1_Ilac
0x002C      [15]    ?lstr3_Ilac
0x003B       [1]    _key
0x003C       [9]    ?lstr2_Ilac
0x0045       [1]    _alarm
0x0046       [2]    ?lstr4_Ilac
0x0048       [2]    ___DoICPAddr
0x004A      [20]    _alarms
0x005E       [3]    _I2C_Read_Ptr
0x0061       [3]    _I2C_Restart_Ptr
0x0064       [3]    _I2C_Start_Ptr
0x0067       [0]    __Lib_Lcd_cmd_status
0x0068       [3]    _I2C_Stop_Ptr
0x006B       [3]    _I2C_Write_Ptr
0x006E       [2]    FLOC__pageView
0x006E       [1]    Keypad_Key_Click_rslt_L0
0x006E       [2]    FARG_editAlarm_num
0x0070       [1]    R0
0x0071       [1]    R1
0x0072       [1]    R2
0x0073       [1]    R3
0x0074       [1]    R4
0x0075       [1]    R5
0x0076       [1]    R6
0x0077       [1]    R7
0x0078       [1]    R8
0x0079       [1]    R9
0x007A       [1]    R10
0x007B       [1]    R11
0x007C       [1]    R12
0x007D       [1]    R13
0x007E       [1]    R14
0x007F       [1]    R15
0x0086       [0]    LCD_RS_Direction
0x0086       [0]    LCD_EN_Direction
0x0086       [0]    LCD_D7_Direction
0x0086       [0]    LCD_D6_Direction
0x0086       [0]    LCD_D4_Direction
0x0086       [0]    LCD_D5_Direction
0x0086       [0]    TRISB2_bit
0x0086       [0]    TRISB3_bit
0x0086       [0]    TRISB0_bit
0x0086       [0]    TRISB1_bit
0x0086       [0]    TRISB4_bit
0x0086       [0]    TRISB5_bit
0x0087       [0]    TRISC3_bit
0x0087       [0]    TRISC4_bit
0x0093       [1]    SSPADD
0x0094       [1]    SSPSTAT
0x00A0       [3]    _I2C_Is_Idle_Ptr
0x00A3       [4]    FARG_I2C1_Init_clock
0x00A3      [14]    pageView_string_L0
0x00A3       [1]    FLOC__editAlarm
0x00B1       [1]    Keypad_Key_Press_rslt_L0
0x00B1       [1]    FARG_Lcd_Out_row
0x00B1       [1]    FARG_Lcd_Chr_row
0x00B2       [1]    FARG_Lcd_Chr_column
0x00B2       [1]    Keypad_Key_Press_kdata_L0
0x00B2       [1]    FARG_Lcd_Out_column
0x00B3       [1]    FARG_Lcd_Out_text
0x00B3       [1]    FARG_Lcd_Chr_out_char
0x00B3       [1]    Keypad_Key_Press_loc_L0
0x00B4       [1]    Keypad_Key_Press_rowcnt_L0
0x00B4       [1]    Lcd_Out_i_L0
0x00B5       [1]    Keypad_Key_Press_shifter_L0
0x00B6       [1]    FARG_Lcd_Chr_CP_out_char
0x00B7       [1]    FARG_Lcd_Cmd_out_char
//** Constants locations ** 
//ADDRESS    SIZE    CONSTANT
//----------------------------------------------
0x051F       [1]    ?ICS_edit
0x0520       [1]    ?ICS_page
0x0521       [1]    ?ICS_cursor
0x0522       [9]    ?ICS?lstr1_Ilac
0x052B      [15]    ?ICS?lstr3_Ilac
0x053A       [1]    ?ICS_key
0x053B       [9]    ?ICS?lstr2_Ilac
0x0544       [1]    ?ICS_alarm
0x0545       [2]    ?ICS?lstr4_Ilac
